2024-03-26 02:33:07.458  INFO 19536 --- [main] com.enova.web.api.Application            : Starting Application using Java 11.0.18 on PC-001 with PID 19536 (C:\Worker\esprit-5eme\stage-pfe-5eme\Enova_Robotics\code\SEBN-project\web.api\target\classes started by borhen in C:\Worker\esprit-5eme\stage-pfe-5eme\Enova_Robotics\code\SEBN-project\web.api)
2024-03-26 02:33:07.467  INFO 19536 --- [main] com.enova.web.api.Application            : No active profile set, falling back to 1 default profile: "default"
2024-03-26 02:33:08.117  INFO 19536 --- [main] .s.d.r.c.RepositoryConfigurationDelegate : Bootstrapping Spring Data MongoDB repositories in DEFAULT mode.
2024-03-26 02:33:08.181  INFO 19536 --- [main] .s.d.r.c.RepositoryConfigurationDelegate : Finished Spring Data repository scanning in 59 ms. Found 5 MongoDB repository interfaces.
2024-03-26 02:33:08.665  INFO 19536 --- [main] o.s.b.w.embedded.tomcat.TomcatWebServer  : Tomcat initialized with port(s): 8089 (http)
2024-03-26 02:33:08.673  INFO 19536 --- [main] o.apache.catalina.core.StandardService   : Starting service [Tomcat]
2024-03-26 02:33:08.673  INFO 19536 --- [main] org.apache.catalina.core.StandardEngine  : Starting Servlet engine: [Apache Tomcat/9.0.64]
2024-03-26 02:33:08.772  INFO 19536 --- [main] o.a.c.c.C.[.[.[/management-robot-avg]    : Initializing Spring embedded WebApplicationContext
2024-03-26 02:33:08.773  INFO 19536 --- [main] w.s.c.ServletWebServerApplicationContext : Root WebApplicationContext: initialization completed in 1257 ms
2024-03-26 02:33:08.881  INFO 19536 --- [main] org.mongodb.driver.cluster               : Cluster created with settings {hosts=[localhost:27017], mode=SINGLE, requiredClusterType=UNKNOWN, serverSelectionTimeout='30000 ms'}
2024-03-26 02:33:08.925  INFO 19536 --- [cluster-ClusterId{value='660225d45458be1a6263539d', description='null'}-localhost:27017] org.mongodb.driver.connection            : Opened connection [connectionId{localValue:1, serverValue:78}] to localhost:27017
2024-03-26 02:33:08.925  INFO 19536 --- [cluster-rtt-ClusterId{value='660225d45458be1a6263539d', description='null'}-localhost:27017] org.mongodb.driver.connection            : Opened connection [connectionId{localValue:2, serverValue:79}] to localhost:27017
2024-03-26 02:33:08.927  INFO 19536 --- [cluster-ClusterId{value='660225d45458be1a6263539d', description='null'}-localhost:27017] org.mongodb.driver.cluster               : Monitor thread successfully connected to server with description ServerDescription{address=localhost:27017, type=STANDALONE, state=CONNECTED, ok=true, minWireVersion=0, maxWireVersion=21, maxDocumentSize=16777216, logicalSessionTimeoutMinutes=30, roundTripTimeNanos=16289200}
2024-03-26 02:33:09.098  INFO 19536 --- [main] m.c.i.MongoPersistentEntityIndexResolver : Found cycle for field '_id' in type 'Robot' for path 'robots -> workstation -> robots'
2024-03-26 02:33:09.098  INFO 19536 --- [main] m.c.i.MongoPersistentEntityIndexResolver : Found cycle for field '_id' in type 'Robot' for path 'robots -> workstation -> tags -> workstation -> robots'
2024-03-26 02:33:09.098  INFO 19536 --- [main] m.c.i.MongoPersistentEntityIndexResolver : Found cycle for field '_id' in type 'Tag' for path 'tags -> workstation -> tags'
2024-03-26 02:33:09.098  INFO 19536 --- [main] m.c.i.MongoPersistentEntityIndexResolver : Found cycle for field '_id' in type 'Robot' for path 'robots -> workstation -> robots'
2024-03-26 02:33:09.099  INFO 19536 --- [main] m.c.i.MongoPersistentEntityIndexResolver : Found cycle for field '_id' in type 'Tag' for path 'tags -> workstation -> robots -> workstation -> tags'
2024-03-26 02:33:09.099  INFO 19536 --- [main] m.c.i.MongoPersistentEntityIndexResolver : Found cycle for field '_id' in type 'Tag' for path 'tags -> workstation -> tags'
2024-03-26 02:33:09.102  INFO 19536 --- [main] m.c.i.MongoPersistentEntityIndexResolver : Found cycle for field 'workstation' in type 'Robot' for path 'robots -> workstation -> robots'
2024-03-26 02:33:09.102  INFO 19536 --- [main] m.c.i.MongoPersistentEntityIndexResolver : Found cycle for field 'robots' in type 'Workstation' for path 'robots -> workstation -> tags -> workstation -> robots'
2024-03-26 02:33:09.103  INFO 19536 --- [main] m.c.i.MongoPersistentEntityIndexResolver : Found cycle for field 'robots' in type 'Workstation' for path 'robots -> workstation -> robots'
2024-03-26 02:33:09.103  INFO 19536 --- [main] m.c.i.MongoPersistentEntityIndexResolver : Found cycle for field 'workstation' in type 'Tag' for path 'tags -> workstation -> tags'
2024-03-26 02:33:09.104  INFO 19536 --- [main] m.c.i.MongoPersistentEntityIndexResolver : Found cycle for field '_id' in type 'Workstation' for path 'workstation -> robots -> workstation'
2024-03-26 02:33:09.104  INFO 19536 --- [main] m.c.i.MongoPersistentEntityIndexResolver : Found cycle for field '_id' in type 'Workstation' for path 'workstation -> tags -> workstation -> robots -> workstation'
2024-03-26 02:33:09.104  INFO 19536 --- [main] m.c.i.MongoPersistentEntityIndexResolver : Found cycle for field '_id' in type 'Tag' for path 'tags -> workstation -> tags'
2024-03-26 02:33:09.105  INFO 19536 --- [main] m.c.i.MongoPersistentEntityIndexResolver : Found cycle for field 'robots' in type 'Workstation' for path 'workstation -> robots -> workstation'
2024-03-26 02:33:09.106  INFO 19536 --- [main] m.c.i.MongoPersistentEntityIndexResolver : Found cycle for field 'workstation' in type 'Robot' for path 'workstation -> tags -> workstation -> robots -> workstation'
2024-03-26 02:33:09.106  INFO 19536 --- [main] m.c.i.MongoPersistentEntityIndexResolver : Found cycle for field 'tags' in type 'Workstation' for path 'tags -> workstation -> tags'
2024-03-26 02:33:09.817  INFO 19536 --- [main] o.s.s.web.DefaultSecurityFilterChain     : Will secure any request with [org.springframework.security.web.context.request.async.WebAsyncManagerIntegrationFilter@38022758, org.springframework.security.web.context.SecurityContextPersistenceFilter@6164e137, org.springframework.security.web.header.HeaderWriterFilter@dd737ea, org.springframework.web.filter.CorsFilter@69f9b561, org.springframework.security.web.authentication.logout.LogoutFilter@2b098563, com.enova.web.api.Securitys.JwtAuthenticationFilter@2c48cede, org.springframework.security.web.savedrequest.RequestCacheAwareFilter@3d8d970e, org.springframework.security.web.servletapi.SecurityContextHolderAwareRequestFilter@2fac80a8, org.springframework.security.web.authentication.AnonymousAuthenticationFilter@7e8f23ad, org.springframework.security.web.session.SessionManagementFilter@5b7308aa, org.springframework.security.web.access.ExceptionTranslationFilter@4c2c44e8, org.springframework.security.web.access.intercept.FilterSecurityInterceptor@5834198f]
2024-03-26 02:33:09.982  INFO 19536 --- [main] o.s.b.w.embedded.tomcat.TomcatWebServer  : Tomcat started on port(s): 8089 (http) with context path '/management-robot-avg'
2024-03-26 02:33:09.990  INFO 19536 --- [main] com.enova.web.api.Application            : Started Application in 2.895 seconds (JVM running for 3.892)
2024-03-26 02:33:10.108  INFO 19536 --- [main] org.mongodb.driver.connection            : Opened connection [connectionId{localValue:3, serverValue:80}] to localhost:27017
2024-03-26 02:33:10.204  INFO 19536 --- [main] c.e.web.api.appRunners.bean_ResetData    : finish add list of trace
2024-03-26 02:33:11.258  INFO 19536 --- [main] c.e.web.api.appRunners.bean_ResetData    : finish add list of workstation
2024-03-26 02:33:11.325  INFO 19536 --- [main] c.e.web.api.appRunners.bean_ResetData    : finish add list of robot
2024-03-26 02:34:11.480  INFO 19536 --- [http-nio-0.0.0.0-8089-exec-5] o.a.c.c.C.[.[.[/management-robot-avg]    : Initializing Spring DispatcherServlet 'dispatcherServlet'
2024-03-26 02:34:11.480  INFO 19536 --- [http-nio-0.0.0.0-8089-exec-5] o.s.web.servlet.DispatcherServlet        : Initializing Servlet 'dispatcherServlet'
2024-03-26 02:34:11.481  INFO 19536 --- [http-nio-0.0.0.0-8089-exec-5] o.s.web.servlet.DispatcherServlet        : Completed initialization in 1 ms
2024-03-26 02:34:11.548  INFO 19536 --- [http-nio-0.0.0.0-8089-exec-3] com.enova.web.api.Aop.LoggingAspect      : in class: com.enova.web.api.Controllers.UserController - method: downloadPhotobyId Arguments: [userId=65fcec4b0632fc40182244d4]
2024-03-26 02:34:11.614  INFO 19536 --- [http-nio-0.0.0.0-8089-exec-4] org.mongodb.driver.connection            : Opened connection [connectionId{localValue:4, serverValue:81}] to localhost:27017
2024-03-26 02:37:50.240  INFO 19536 --- [http-nio-0.0.0.0-8089-exec-1] com.enova.web.api.Aop.LoggingAspect      : in class: com.enova.web.api.Controllers.UserController - method: downloadPhotobyId Arguments: [userId=65fcec4b0632fc40182244d4]
2024-03-26 02:38:03.769  INFO 19536 --- [http-nio-0.0.0.0-8089-exec-2] com.enova.web.api.Aop.LoggingAspect      : in class: com.enova.web.api.Controllers.UserController - method: downloadPhotobyId Arguments: [userId=65fcec4b0632fc40182244d4]
2024-03-26 02:41:54.948  INFO 19536 --- [http-nio-0.0.0.0-8089-exec-10] com.enova.web.api.Aop.LoggingAspect      : in class: com.enova.web.api.Controllers.UserController - method: downloadPhotobyId Arguments: [userId=65fcec4b0632fc40182244d4]
2024-03-26 02:42:18.238  INFO 56368 --- [main] com.enova.web.api.Application            : Starting Application using Java 11.0.18 on PC-001 with PID 56368 (C:\Worker\esprit-5eme\stage-pfe-5eme\Enova_Robotics\code\SEBN-project\web.api\target\classes started by borhen in C:\Worker\esprit-5eme\stage-pfe-5eme\Enova_Robotics\code\SEBN-project\web.api)
2024-03-26 02:42:18.240  INFO 56368 --- [main] com.enova.web.api.Application            : No active profile set, falling back to 1 default profile: "default"
2024-03-26 02:42:18.832  INFO 56368 --- [main] .s.d.r.c.RepositoryConfigurationDelegate : Bootstrapping Spring Data MongoDB repositories in DEFAULT mode.
2024-03-26 02:42:18.895  INFO 56368 --- [main] .s.d.r.c.RepositoryConfigurationDelegate : Finished Spring Data repository scanning in 60 ms. Found 5 MongoDB repository interfaces.
2024-03-26 02:42:19.304  INFO 56368 --- [main] o.s.b.w.embedded.tomcat.TomcatWebServer  : Tomcat initialized with port(s): 8089 (http)
2024-03-26 02:42:19.310  INFO 56368 --- [main] o.apache.catalina.core.StandardService   : Starting service [Tomcat]
2024-03-26 02:42:19.310  INFO 56368 --- [main] org.apache.catalina.core.StandardEngine  : Starting Servlet engine: [Apache Tomcat/9.0.64]
2024-03-26 02:42:19.395  INFO 56368 --- [main] o.a.c.c.C.[.[.[/management-robot-avg]    : Initializing Spring embedded WebApplicationContext
2024-03-26 02:42:19.395  INFO 56368 --- [main] w.s.c.ServletWebServerApplicationContext : Root WebApplicationContext: initialization completed in 1114 ms
2024-03-26 02:42:19.498  INFO 56368 --- [main] org.mongodb.driver.cluster               : Cluster created with settings {hosts=[localhost:27017], mode=SINGLE, requiredClusterType=UNKNOWN, serverSelectionTimeout='30000 ms'}
2024-03-26 02:42:19.544  INFO 56368 --- [cluster-ClusterId{value='660227fb4776450b60651385', description='null'}-localhost:27017] org.mongodb.driver.connection            : Opened connection [connectionId{localValue:1, serverValue:82}] to localhost:27017
2024-03-26 02:42:19.544  INFO 56368 --- [cluster-rtt-ClusterId{value='660227fb4776450b60651385', description='null'}-localhost:27017] org.mongodb.driver.connection            : Opened connection [connectionId{localValue:2, serverValue:83}] to localhost:27017
2024-03-26 02:42:19.545  INFO 56368 --- [cluster-ClusterId{value='660227fb4776450b60651385', description='null'}-localhost:27017] org.mongodb.driver.cluster               : Monitor thread successfully connected to server with description ServerDescription{address=localhost:27017, type=STANDALONE, state=CONNECTED, ok=true, minWireVersion=0, maxWireVersion=21, maxDocumentSize=16777216, logicalSessionTimeoutMinutes=30, roundTripTimeNanos=20519600}
2024-03-26 02:42:19.693  INFO 56368 --- [main] m.c.i.MongoPersistentEntityIndexResolver : Found cycle for field '_id' in type 'Workstation' for path 'workstation -> robots -> workstation'
2024-03-26 02:42:19.693  INFO 56368 --- [main] m.c.i.MongoPersistentEntityIndexResolver : Found cycle for field '_id' in type 'Workstation' for path 'workstation -> tags -> workstation -> robots -> workstation'
2024-03-26 02:42:19.694  INFO 56368 --- [main] m.c.i.MongoPersistentEntityIndexResolver : Found cycle for field '_id' in type 'Tag' for path 'tags -> workstation -> tags'
2024-03-26 02:42:19.697  INFO 56368 --- [main] m.c.i.MongoPersistentEntityIndexResolver : Found cycle for field 'robots' in type 'Workstation' for path 'workstation -> robots -> workstation'
2024-03-26 02:42:19.697  INFO 56368 --- [main] m.c.i.MongoPersistentEntityIndexResolver : Found cycle for field 'workstation' in type 'Robot' for path 'workstation -> tags -> workstation -> robots -> workstation'
2024-03-26 02:42:19.697  INFO 56368 --- [main] m.c.i.MongoPersistentEntityIndexResolver : Found cycle for field 'tags' in type 'Workstation' for path 'tags -> workstation -> tags'
2024-03-26 02:42:19.698  INFO 56368 --- [main] m.c.i.MongoPersistentEntityIndexResolver : Found cycle for field '_id' in type 'Robot' for path 'robots -> workstation -> robots'
2024-03-26 02:42:19.699  INFO 56368 --- [main] m.c.i.MongoPersistentEntityIndexResolver : Found cycle for field '_id' in type 'Robot' for path 'robots -> workstation -> tags -> workstation -> robots'
2024-03-26 02:42:19.699  INFO 56368 --- [main] m.c.i.MongoPersistentEntityIndexResolver : Found cycle for field '_id' in type 'Tag' for path 'tags -> workstation -> tags'
2024-03-26 02:42:19.699  INFO 56368 --- [main] m.c.i.MongoPersistentEntityIndexResolver : Found cycle for field '_id' in type 'Robot' for path 'robots -> workstation -> robots'
2024-03-26 02:42:19.699  INFO 56368 --- [main] m.c.i.MongoPersistentEntityIndexResolver : Found cycle for field '_id' in type 'Tag' for path 'tags -> workstation -> robots -> workstation -> tags'
2024-03-26 02:42:19.699  INFO 56368 --- [main] m.c.i.MongoPersistentEntityIndexResolver : Found cycle for field '_id' in type 'Tag' for path 'tags -> workstation -> tags'
2024-03-26 02:42:19.700  INFO 56368 --- [main] m.c.i.MongoPersistentEntityIndexResolver : Found cycle for field 'workstation' in type 'Robot' for path 'robots -> workstation -> robots'
2024-03-26 02:42:19.700  INFO 56368 --- [main] m.c.i.MongoPersistentEntityIndexResolver : Found cycle for field 'robots' in type 'Workstation' for path 'robots -> workstation -> tags -> workstation -> robots'
2024-03-26 02:42:19.700  INFO 56368 --- [main] m.c.i.MongoPersistentEntityIndexResolver : Found cycle for field 'robots' in type 'Workstation' for path 'robots -> workstation -> robots'
2024-03-26 02:42:19.700  INFO 56368 --- [main] m.c.i.MongoPersistentEntityIndexResolver : Found cycle for field 'workstation' in type 'Tag' for path 'tags -> workstation -> tags'
2024-03-26 02:42:20.389  INFO 56368 --- [main] o.s.s.web.DefaultSecurityFilterChain     : Will secure any request with [org.springframework.security.web.context.request.async.WebAsyncManagerIntegrationFilter@2ab8589a, org.springframework.security.web.context.SecurityContextPersistenceFilter@6b6def36, org.springframework.security.web.header.HeaderWriterFilter@5b322873, org.springframework.web.filter.CorsFilter@21b744ec, org.springframework.security.web.authentication.logout.LogoutFilter@6b3d9c38, com.enova.web.api.Securitys.JwtAuthenticationFilter@2997ddfc, org.springframework.security.web.savedrequest.RequestCacheAwareFilter@1152900, org.springframework.security.web.servletapi.SecurityContextHolderAwareRequestFilter@2fba0dac, org.springframework.security.web.authentication.AnonymousAuthenticationFilter@697a92af, org.springframework.security.web.session.SessionManagementFilter@63db743d, org.springframework.security.web.access.ExceptionTranslationFilter@4c5da4f9, org.springframework.security.web.access.intercept.FilterSecurityInterceptor@46702c26]
2024-03-26 02:42:20.543  INFO 56368 --- [main] o.s.b.w.embedded.tomcat.TomcatWebServer  : Tomcat started on port(s): 8089 (http) with context path '/management-robot-avg'
2024-03-26 02:42:20.551  INFO 56368 --- [main] com.enova.web.api.Application            : Started Application in 2.728 seconds (JVM running for 3.772)
2024-03-26 02:42:20.644  INFO 56368 --- [main] org.mongodb.driver.connection            : Opened connection [connectionId{localValue:3, serverValue:84}] to localhost:27017
2024-03-26 02:42:20.710  INFO 56368 --- [main] c.e.web.api.appRunners.bean_ResetData    : finish add list of trace
2024-03-26 02:42:21.718  INFO 56368 --- [main] c.e.web.api.appRunners.bean_ResetData    : finish add list of workstation
2024-03-26 02:42:21.779  INFO 56368 --- [main] c.e.web.api.appRunners.bean_ResetData    : finish add list of robot
2024-03-26 02:42:37.660  INFO 56368 --- [http-nio-0.0.0.0-8089-exec-1] o.a.c.c.C.[.[.[/management-robot-avg]    : Initializing Spring DispatcherServlet 'dispatcherServlet'
2024-03-26 02:42:37.660  INFO 56368 --- [http-nio-0.0.0.0-8089-exec-1] o.s.web.servlet.DispatcherServlet        : Initializing Servlet 'dispatcherServlet'
2024-03-26 02:42:37.661  INFO 56368 --- [http-nio-0.0.0.0-8089-exec-1] o.s.web.servlet.DispatcherServlet        : Completed initialization in 1 ms
2024-03-26 02:43:07.606  INFO 56368 --- [http-nio-0.0.0.0-8089-exec-10] com.enova.web.api.Aop.LoggingAspect      : in class: com.enova.web.api.Controllers.AuthenticationController - method: register Arguments: [request=AuthenticationRequest(username=lotfi97, password=1234, email=belhsenbachouch97@gmail.com)]
2024-03-26 02:43:20.178  INFO 56368 --- [http-nio-0.0.0.0-8089-exec-6] com.enova.web.api.Aop.LoggingAspect      : in class: com.enova.web.api.Controllers.AuthenticationController - method: authenticate Arguments: [request=AuthenticationRequest(username=lotfi97, password=1234, email=belhsenbachouch97@gmail.com)]
2024-03-26 02:43:20.257 ERROR 56368 --- [http-nio-0.0.0.0-8089-exec-6] com.enova.web.api.Aop.LoggingAspect      : AfterThrowing class: com.enova.web.api.Services.Interfaces.AuthenticationService - method: authenticate - Message: org.springframework.security.authentication.DisabledException: User is disabled
2024-03-26 02:43:27.098  INFO 56368 --- [http-nio-0.0.0.0-8089-exec-3] com.enova.web.api.Aop.LoggingAspect      : in class: com.enova.web.api.Controllers.AuthenticationController - method: authenticate Arguments: [request=AuthenticationRequest(username=belhsen97, password=1234, email=belhsenbachouch97@gmail.com)]
2024-03-26 02:43:27.272  INFO 56368 --- [http-nio-0.0.0.0-8089-exec-9] com.enova.web.api.Aop.LoggingAspect      : in class: com.enova.web.api.Controllers.UserController - method: selectByUsername Arguments: [usename=belhsen97]
2024-03-26 02:44:15.129  INFO 56368 --- [http-nio-0.0.0.0-8089-exec-1] com.enova.web.api.Aop.LoggingAspect      : in class: com.enova.web.api.Controllers.AuthenticationController - method: authenticate Arguments: [request=AuthenticationRequest(username=lotfi97, password=1234, email=belhsenbachouch97@gmail.com)]
2024-03-26 02:44:15.246  INFO 56368 --- [http-nio-0.0.0.0-8089-exec-7] com.enova.web.api.Aop.LoggingAspect      : in class: com.enova.web.api.Controllers.UserController - method: selectByUsername Arguments: [usename=lotfi97]
2024-03-26 05:09:06.049  INFO 26440 --- [main] com.enova.web.api.ApplicationTests       : Starting ApplicationTests using Java 11.0.18 on PC-001 with PID 26440 (started by borhen in C:\Worker\esprit-5eme\stage-pfe-5eme\Enova_Robotics\code\SEBN-project\web.api)
2024-03-26 05:09:06.051  INFO 26440 --- [main] com.enova.web.api.ApplicationTests       : No active profile set, falling back to 1 default profile: "default"
2024-03-26 05:09:07.001  INFO 26440 --- [main] .s.d.r.c.RepositoryConfigurationDelegate : Bootstrapping Spring Data MongoDB repositories in DEFAULT mode.
2024-03-26 05:09:07.105  INFO 26440 --- [main] .s.d.r.c.RepositoryConfigurationDelegate : Finished Spring Data repository scanning in 95 ms. Found 5 MongoDB repository interfaces.
2024-03-26 05:09:08.805  INFO 26440 --- [main] org.mongodb.driver.cluster               : Cluster created with settings {hosts=[localhost:27017], mode=SINGLE, requiredClusterType=UNKNOWN, serverSelectionTimeout='30000 ms'}
2024-03-26 05:09:08.884  INFO 26440 --- [cluster-rtt-ClusterId{value='66024a643c04c71b73a9221c', description='null'}-localhost:27017] org.mongodb.driver.connection            : Opened connection [connectionId{localValue:2, serverValue:113}] to localhost:27017
2024-03-26 05:09:08.884  INFO 26440 --- [cluster-ClusterId{value='66024a643c04c71b73a9221c', description='null'}-localhost:27017] org.mongodb.driver.connection            : Opened connection [connectionId{localValue:1, serverValue:112}] to localhost:27017
2024-03-26 05:09:08.887  INFO 26440 --- [cluster-ClusterId{value='66024a643c04c71b73a9221c', description='null'}-localhost:27017] org.mongodb.driver.cluster               : Monitor thread successfully connected to server with description ServerDescription{address=localhost:27017, type=STANDALONE, state=CONNECTED, ok=true, minWireVersion=0, maxWireVersion=21, maxDocumentSize=16777216, logicalSessionTimeoutMinutes=30, roundTripTimeNanos=25503700}
2024-03-26 05:09:09.198  INFO 26440 --- [main] m.c.i.MongoPersistentEntityIndexResolver : Found cycle for field '_id' in type 'Workstation' for path 'workstation -> robots -> workstation'
2024-03-26 05:09:09.199  INFO 26440 --- [main] m.c.i.MongoPersistentEntityIndexResolver : Found cycle for field '_id' in type 'Workstation' for path 'workstation -> tags -> workstation -> robots -> workstation'
2024-03-26 05:09:09.199  INFO 26440 --- [main] m.c.i.MongoPersistentEntityIndexResolver : Found cycle for field '_id' in type 'Tag' for path 'tags -> workstation -> tags'
2024-03-26 05:09:09.200  INFO 26440 --- [main] m.c.i.MongoPersistentEntityIndexResolver : Found cycle for field 'robots' in type 'Workstation' for path 'workstation -> robots -> workstation'
2024-03-26 05:09:09.201  INFO 26440 --- [main] m.c.i.MongoPersistentEntityIndexResolver : Found cycle for field 'workstation' in type 'Robot' for path 'workstation -> tags -> workstation -> robots -> workstation'
2024-03-26 05:09:09.202  INFO 26440 --- [main] m.c.i.MongoPersistentEntityIndexResolver : Found cycle for field 'tags' in type 'Workstation' for path 'tags -> workstation -> tags'
2024-03-26 05:09:09.203  INFO 26440 --- [main] m.c.i.MongoPersistentEntityIndexResolver : Found cycle for field '_id' in type 'Robot' for path 'robots -> workstation -> robots'
2024-03-26 05:09:09.203  INFO 26440 --- [main] m.c.i.MongoPersistentEntityIndexResolver : Found cycle for field '_id' in type 'Robot' for path 'robots -> workstation -> tags -> workstation -> robots'
2024-03-26 05:09:09.204  INFO 26440 --- [main] m.c.i.MongoPersistentEntityIndexResolver : Found cycle for field '_id' in type 'Tag' for path 'tags -> workstation -> tags'
2024-03-26 05:09:09.204  INFO 26440 --- [main] m.c.i.MongoPersistentEntityIndexResolver : Found cycle for field '_id' in type 'Robot' for path 'robots -> workstation -> robots'
2024-03-26 05:09:09.205  INFO 26440 --- [main] m.c.i.MongoPersistentEntityIndexResolver : Found cycle for field '_id' in type 'Tag' for path 'tags -> workstation -> robots -> workstation -> tags'
2024-03-26 05:09:09.205  INFO 26440 --- [main] m.c.i.MongoPersistentEntityIndexResolver : Found cycle for field '_id' in type 'Tag' for path 'tags -> workstation -> tags'
2024-03-26 05:09:09.205  INFO 26440 --- [main] m.c.i.MongoPersistentEntityIndexResolver : Found cycle for field 'workstation' in type 'Robot' for path 'robots -> workstation -> robots'
2024-03-26 05:09:09.206  INFO 26440 --- [main] m.c.i.MongoPersistentEntityIndexResolver : Found cycle for field 'robots' in type 'Workstation' for path 'robots -> workstation -> tags -> workstation -> robots'
2024-03-26 05:09:09.207  INFO 26440 --- [main] m.c.i.MongoPersistentEntityIndexResolver : Found cycle for field 'robots' in type 'Workstation' for path 'robots -> workstation -> robots'
2024-03-26 05:09:09.208  INFO 26440 --- [main] m.c.i.MongoPersistentEntityIndexResolver : Found cycle for field 'workstation' in type 'Tag' for path 'tags -> workstation -> tags'
2024-03-26 05:09:11.204  INFO 26440 --- [main] o.s.s.web.DefaultSecurityFilterChain     : Will secure any request with [org.springframework.security.web.context.request.async.WebAsyncManagerIntegrationFilter@308a9264, org.springframework.security.web.context.SecurityContextPersistenceFilter@40016ce1, org.springframework.security.web.header.HeaderWriterFilter@6f867b0c, org.springframework.web.filter.CorsFilter@7da77305, org.springframework.security.web.authentication.logout.LogoutFilter@677cc4e8, com.enova.web.api.Securitys.JwtAuthenticationFilter@3cdfbbef, org.springframework.security.web.savedrequest.RequestCacheAwareFilter@1b47b7f5, org.springframework.security.web.servletapi.SecurityContextHolderAwareRequestFilter@506aa618, org.springframework.security.web.authentication.AnonymousAuthenticationFilter@7a1ddbf1, org.springframework.security.web.session.SessionManagementFilter@6d815fb7, org.springframework.security.web.access.ExceptionTranslationFilter@98637a2, org.springframework.security.web.access.intercept.FilterSecurityInterceptor@126675fd]
2024-03-26 05:09:11.933  INFO 26440 --- [main] com.enova.web.api.ApplicationTests       : Started ApplicationTests in 6.298 seconds (JVM running for 7.647)
2024-03-26 05:09:12.253  INFO 26440 --- [main] org.mongodb.driver.connection            : Opened connection [connectionId{localValue:3, serverValue:114}] to localhost:27017
2024-03-26 05:09:12.414  INFO 26440 --- [main] c.e.web.api.AppRunners.beanResetData     : finish add list of trace
2024-03-26 05:09:13.671  INFO 26440 --- [main] c.e.web.api.AppRunners.beanResetData     : finish add list of workstation
2024-03-26 05:09:13.745  INFO 26440 --- [main] c.e.web.api.AppRunners.beanResetData     : finish add list of robot
