2024-04-29 13:23:40.623  INFO 35836 --- [main] com.enova.driveless.api.Application      : Starting Application using Java 11.0.18 on PC-001 with PID 35836 (C:\Worker\esprit-5eme\stage-pfe-5eme\Enova_Robotics\code\SEBN-project\driveless.api\target\classes started by borhen in C:\Worker\esprit-5eme\stage-pfe-5eme\Enova_Robotics\code\SEBN-project\driveless.api)
2024-04-29 13:23:40.633  INFO 35836 --- [main] com.enova.driveless.api.Application      : No active profile set, falling back to 1 default profile: "default"
2024-04-29 13:23:41.161  INFO 35836 --- [main] .s.d.r.c.RepositoryConfigurationDelegate : Bootstrapping Spring Data MongoDB repositories in DEFAULT mode.
2024-04-29 13:23:41.215  INFO 35836 --- [main] .s.d.r.c.RepositoryConfigurationDelegate : Finished Spring Data repository scanning in 50 ms. Found 1 MongoDB repository interfaces.
2024-04-29 13:23:41.276  INFO 35836 --- [main] faultConfiguringBeanFactoryPostProcessor : No bean named 'errorChannel' has been explicitly defined. Therefore, a default PublishSubscribeChannel will be created.
2024-04-29 13:23:41.287  INFO 35836 --- [main] faultConfiguringBeanFactoryPostProcessor : No bean named 'integrationHeaderChannelRegistry' has been explicitly defined. Therefore, a default DefaultHeaderChannelRegistry will be created.
2024-04-29 13:23:41.416  INFO 35836 --- [main] trationDelegate$BeanPostProcessorChecker : Bean 'org.springframework.integration.config.IntegrationManagementConfiguration' of type [org.springframework.integration.config.IntegrationManagementConfiguration] is not eligible for getting processed by all BeanPostProcessors (for example: not eligible for auto-proxying)
2024-04-29 13:23:41.420  INFO 35836 --- [main] trationDelegate$BeanPostProcessorChecker : Bean 'integrationChannelResolver' of type [org.springframework.integration.support.channel.BeanFactoryChannelResolver] is not eligible for getting processed by all BeanPostProcessors (for example: not eligible for auto-proxying)
2024-04-29 13:23:41.617  INFO 35836 --- [main] o.s.b.w.embedded.tomcat.TomcatWebServer  : Tomcat initialized with port(s): 8088 (http)
2024-04-29 13:23:41.627  INFO 35836 --- [main] o.apache.catalina.core.StandardService   : Starting service [Tomcat]
2024-04-29 13:23:41.628  INFO 35836 --- [main] org.apache.catalina.core.StandardEngine  : Starting Servlet engine: [Apache Tomcat/9.0.64]
2024-04-29 13:23:41.711  INFO 35836 --- [main] .C.[.[.[/management-robot-avg/driveless] : Initializing Spring embedded WebApplicationContext
2024-04-29 13:23:41.711  INFO 35836 --- [main] w.s.c.ServletWebServerApplicationContext : Root WebApplicationContext: initialization completed in 1035 ms
2024-04-29 13:23:41.847  INFO 35836 --- [main] org.mongodb.driver.cluster               : Cluster created with settings {hosts=[localhost:27017], mode=SINGLE, requiredClusterType=UNKNOWN, serverSelectionTimeout='30000 ms'}
2024-04-29 13:23:41.893  INFO 35836 --- [cluster-ClusterId{value='662f914dac6bfd1ba7799dcb', description='null'}-localhost:27017] org.mongodb.driver.connection            : Opened connection [connectionId{localValue:1, serverValue:5}] to localhost:27017
2024-04-29 13:23:41.893  INFO 35836 --- [cluster-rtt-ClusterId{value='662f914dac6bfd1ba7799dcb', description='null'}-localhost:27017] org.mongodb.driver.connection            : Opened connection [connectionId{localValue:2, serverValue:6}] to localhost:27017
2024-04-29 13:23:41.895  INFO 35836 --- [cluster-ClusterId{value='662f914dac6bfd1ba7799dcb', description='null'}-localhost:27017] org.mongodb.driver.cluster               : Monitor thread successfully connected to server with description ServerDescription{address=localhost:27017, type=STANDALONE, state=CONNECTED, ok=true, minWireVersion=0, maxWireVersion=21, maxDocumentSize=16777216, logicalSessionTimeoutMinutes=30, roundTripTimeNanos=18449400}
2024-04-29 13:23:42.786  INFO 35836 --- [main] o.s.i.endpoint.EventDrivenConsumer       : Adding {logging-channel-adapter:_org.springframework.integration.errorLogger} as a subscriber to the 'errorChannel' channel
2024-04-29 13:23:42.787  INFO 35836 --- [main] o.s.i.channel.PublishSubscribeChannel    : Channel 'driveless.api.errorChannel' has 1 subscriber(s).
2024-04-29 13:23:42.788  INFO 35836 --- [main] o.s.i.endpoint.EventDrivenConsumer       : started bean '_org.springframework.integration.errorLogger'
2024-04-29 13:23:42.801  INFO 35836 --- [main] o.s.b.w.embedded.tomcat.TomcatWebServer  : Tomcat started on port(s): 8088 (http) with context path '/management-robot-avg/driveless'
2024-04-29 13:23:42.813  INFO 35836 --- [main] com.enova.driveless.api.Application      : Started Application in 2.552 seconds (JVM running for 3.592)
2024-04-29 13:33:05.732  INFO 35836 --- [SpringApplicationShutdownHook] o.s.i.endpoint.EventDrivenConsumer       : Removing {logging-channel-adapter:_org.springframework.integration.errorLogger} as a subscriber to the 'errorChannel' channel
2024-04-29 13:33:05.732  INFO 35836 --- [SpringApplicationShutdownHook] o.s.i.channel.PublishSubscribeChannel    : Channel 'driveless.api.errorChannel' has 0 subscriber(s).
2024-04-29 13:33:05.732  INFO 35836 --- [SpringApplicationShutdownHook] o.s.i.endpoint.EventDrivenConsumer       : stopped bean '_org.springframework.integration.errorLogger'
2024-04-29 13:33:09.486  INFO 34016 --- [main] com.enova.driveless.api.Application      : Starting Application using Java 11.0.18 on PC-001 with PID 34016 (C:\Worker\esprit-5eme\stage-pfe-5eme\Enova_Robotics\code\SEBN-project\driveless.api\target\classes started by borhen in C:\Worker\esprit-5eme\stage-pfe-5eme\Enova_Robotics\code\SEBN-project\driveless.api)
2024-04-29 13:33:09.488  INFO 34016 --- [main] com.enova.driveless.api.Application      : No active profile set, falling back to 1 default profile: "default"
2024-04-29 13:33:09.999  INFO 34016 --- [main] .s.d.r.c.RepositoryConfigurationDelegate : Bootstrapping Spring Data MongoDB repositories in DEFAULT mode.
2024-04-29 13:33:10.049  INFO 34016 --- [main] .s.d.r.c.RepositoryConfigurationDelegate : Finished Spring Data repository scanning in 46 ms. Found 1 MongoDB repository interfaces.
2024-04-29 13:33:10.104  INFO 34016 --- [main] faultConfiguringBeanFactoryPostProcessor : No bean named 'errorChannel' has been explicitly defined. Therefore, a default PublishSubscribeChannel will be created.
2024-04-29 13:33:10.112  INFO 34016 --- [main] faultConfiguringBeanFactoryPostProcessor : No bean named 'integrationHeaderChannelRegistry' has been explicitly defined. Therefore, a default DefaultHeaderChannelRegistry will be created.
2024-04-29 13:33:10.240  INFO 34016 --- [main] trationDelegate$BeanPostProcessorChecker : Bean 'org.springframework.integration.config.IntegrationManagementConfiguration' of type [org.springframework.integration.config.IntegrationManagementConfiguration] is not eligible for getting processed by all BeanPostProcessors (for example: not eligible for auto-proxying)
2024-04-29 13:33:10.245  INFO 34016 --- [main] trationDelegate$BeanPostProcessorChecker : Bean 'integrationChannelResolver' of type [org.springframework.integration.support.channel.BeanFactoryChannelResolver] is not eligible for getting processed by all BeanPostProcessors (for example: not eligible for auto-proxying)
2024-04-29 13:33:10.387  INFO 34016 --- [main] o.s.b.w.embedded.tomcat.TomcatWebServer  : Tomcat initialized with port(s): 8088 (http)
2024-04-29 13:33:10.393  INFO 34016 --- [main] o.apache.catalina.core.StandardService   : Starting service [Tomcat]
2024-04-29 13:33:10.393  INFO 34016 --- [main] org.apache.catalina.core.StandardEngine  : Starting Servlet engine: [Apache Tomcat/9.0.64]
2024-04-29 13:33:10.456  INFO 34016 --- [main] .C.[.[.[/management-robot-avg/driveless] : Initializing Spring embedded WebApplicationContext
2024-04-29 13:33:10.457  INFO 34016 --- [main] w.s.c.ServletWebServerApplicationContext : Root WebApplicationContext: initialization completed in 924 ms
2024-04-29 13:33:10.591  INFO 34016 --- [main] org.mongodb.driver.cluster               : Cluster created with settings {hosts=[localhost:27017], mode=SINGLE, requiredClusterType=UNKNOWN, serverSelectionTimeout='30000 ms'}
2024-04-29 13:33:10.631  INFO 34016 --- [cluster-rtt-ClusterId{value='662f9386ccdf2e38f92f41f0', description='null'}-localhost:27017] org.mongodb.driver.connection            : Opened connection [connectionId{localValue:2, serverValue:7}] to localhost:27017
2024-04-29 13:33:10.631  INFO 34016 --- [cluster-ClusterId{value='662f9386ccdf2e38f92f41f0', description='null'}-localhost:27017] org.mongodb.driver.connection            : Opened connection [connectionId{localValue:1, serverValue:8}] to localhost:27017
2024-04-29 13:33:10.633  INFO 34016 --- [cluster-ClusterId{value='662f9386ccdf2e38f92f41f0', description='null'}-localhost:27017] org.mongodb.driver.cluster               : Monitor thread successfully connected to server with description ServerDescription{address=localhost:27017, type=STANDALONE, state=CONNECTED, ok=true, minWireVersion=0, maxWireVersion=21, maxDocumentSize=16777216, logicalSessionTimeoutMinutes=30, roundTripTimeNanos=14871800}
2024-04-29 13:33:11.428  INFO 34016 --- [main] o.s.i.endpoint.EventDrivenConsumer       : Adding {logging-channel-adapter:_org.springframework.integration.errorLogger} as a subscriber to the 'errorChannel' channel
2024-04-29 13:33:11.428  INFO 34016 --- [main] o.s.i.channel.PublishSubscribeChannel    : Channel 'driveless.api.errorChannel' has 1 subscriber(s).
2024-04-29 13:33:11.429  INFO 34016 --- [main] o.s.i.endpoint.EventDrivenConsumer       : started bean '_org.springframework.integration.errorLogger'
2024-04-29 13:33:11.448  INFO 34016 --- [main] o.s.b.w.embedded.tomcat.TomcatWebServer  : Tomcat started on port(s): 8088 (http) with context path '/management-robot-avg/driveless'
2024-04-29 13:33:11.460  INFO 34016 --- [main] com.enova.driveless.api.Application      : Started Application in 2.313 seconds (JVM running for 3.241)
2024-04-29 13:33:25.391  INFO 34016 --- [http-nio-0.0.0.0-8088-exec-9] .C.[.[.[/management-robot-avg/driveless] : Initializing Spring DispatcherServlet 'dispatcherServlet'
2024-04-29 13:33:25.392  INFO 34016 --- [http-nio-0.0.0.0-8088-exec-9] o.s.web.servlet.DispatcherServlet        : Initializing Servlet 'dispatcherServlet'
2024-04-29 13:33:25.393  INFO 34016 --- [http-nio-0.0.0.0-8088-exec-9] o.s.web.servlet.DispatcherServlet        : Completed initialization in 1 ms
2024-04-29 13:34:35.427  INFO 34016 --- [SpringApplicationShutdownHook] o.s.i.endpoint.EventDrivenConsumer       : Removing {logging-channel-adapter:_org.springframework.integration.errorLogger} as a subscriber to the 'errorChannel' channel
2024-04-29 13:34:35.427  INFO 34016 --- [SpringApplicationShutdownHook] o.s.i.channel.PublishSubscribeChannel    : Channel 'driveless.api.errorChannel' has 0 subscriber(s).
2024-04-29 13:34:35.427  INFO 34016 --- [SpringApplicationShutdownHook] o.s.i.endpoint.EventDrivenConsumer       : stopped bean '_org.springframework.integration.errorLogger'
2024-04-29 13:34:40.203  INFO 14820 --- [main] com.enova.driveless.api.Application      : Starting Application using Java 11.0.18 on PC-001 with PID 14820 (C:\Worker\esprit-5eme\stage-pfe-5eme\Enova_Robotics\code\SEBN-project\driveless.api\target\classes started by borhen in C:\Worker\esprit-5eme\stage-pfe-5eme\Enova_Robotics\code\SEBN-project\driveless.api)
2024-04-29 13:34:40.206  INFO 14820 --- [main] com.enova.driveless.api.Application      : No active profile set, falling back to 1 default profile: "default"
2024-04-29 13:34:40.703  INFO 14820 --- [main] .s.d.r.c.RepositoryConfigurationDelegate : Bootstrapping Spring Data MongoDB repositories in DEFAULT mode.
2024-04-29 13:34:40.749  INFO 14820 --- [main] .s.d.r.c.RepositoryConfigurationDelegate : Finished Spring Data repository scanning in 44 ms. Found 1 MongoDB repository interfaces.
2024-04-29 13:34:40.801  INFO 14820 --- [main] faultConfiguringBeanFactoryPostProcessor : No bean named 'errorChannel' has been explicitly defined. Therefore, a default PublishSubscribeChannel will be created.
2024-04-29 13:34:40.807  INFO 14820 --- [main] faultConfiguringBeanFactoryPostProcessor : No bean named 'integrationHeaderChannelRegistry' has been explicitly defined. Therefore, a default DefaultHeaderChannelRegistry will be created.
2024-04-29 13:34:40.922  INFO 14820 --- [main] trationDelegate$BeanPostProcessorChecker : Bean 'org.springframework.integration.config.IntegrationManagementConfiguration' of type [org.springframework.integration.config.IntegrationManagementConfiguration] is not eligible for getting processed by all BeanPostProcessors (for example: not eligible for auto-proxying)
2024-04-29 13:34:40.926  INFO 14820 --- [main] trationDelegate$BeanPostProcessorChecker : Bean 'integrationChannelResolver' of type [org.springframework.integration.support.channel.BeanFactoryChannelResolver] is not eligible for getting processed by all BeanPostProcessors (for example: not eligible for auto-proxying)
2024-04-29 13:34:41.064  INFO 14820 --- [main] o.s.b.w.embedded.tomcat.TomcatWebServer  : Tomcat initialized with port(s): 8088 (http)
2024-04-29 13:34:41.070  INFO 14820 --- [main] o.apache.catalina.core.StandardService   : Starting service [Tomcat]
2024-04-29 13:34:41.070  INFO 14820 --- [main] org.apache.catalina.core.StandardEngine  : Starting Servlet engine: [Apache Tomcat/9.0.64]
2024-04-29 13:34:41.132  INFO 14820 --- [main] .C.[.[.[/management-robot-avg/driveless] : Initializing Spring embedded WebApplicationContext
2024-04-29 13:34:41.132  INFO 14820 --- [main] w.s.c.ServletWebServerApplicationContext : Root WebApplicationContext: initialization completed in 888 ms
2024-04-29 13:34:41.264  INFO 14820 --- [main] org.mongodb.driver.cluster               : Cluster created with settings {hosts=[localhost:27017], mode=SINGLE, requiredClusterType=UNKNOWN, serverSelectionTimeout='30000 ms'}
2024-04-29 13:34:41.307  INFO 14820 --- [cluster-ClusterId{value='662f93e1e043a96ce9a24112', description='null'}-localhost:27017] org.mongodb.driver.connection            : Opened connection [connectionId{localValue:1, serverValue:10}] to localhost:27017
2024-04-29 13:34:41.307  INFO 14820 --- [cluster-rtt-ClusterId{value='662f93e1e043a96ce9a24112', description='null'}-localhost:27017] org.mongodb.driver.connection            : Opened connection [connectionId{localValue:2, serverValue:9}] to localhost:27017
2024-04-29 13:34:41.308  INFO 14820 --- [cluster-ClusterId{value='662f93e1e043a96ce9a24112', description='null'}-localhost:27017] org.mongodb.driver.cluster               : Monitor thread successfully connected to server with description ServerDescription{address=localhost:27017, type=STANDALONE, state=CONNECTED, ok=true, minWireVersion=0, maxWireVersion=21, maxDocumentSize=16777216, logicalSessionTimeoutMinutes=30, roundTripTimeNanos=16533200}
2024-04-29 13:34:42.110  INFO 14820 --- [main] o.s.i.endpoint.EventDrivenConsumer       : Adding {logging-channel-adapter:_org.springframework.integration.errorLogger} as a subscriber to the 'errorChannel' channel
2024-04-29 13:34:42.110  INFO 14820 --- [main] o.s.i.channel.PublishSubscribeChannel    : Channel 'driveless.api.errorChannel' has 1 subscriber(s).
2024-04-29 13:34:42.110  INFO 14820 --- [main] o.s.i.endpoint.EventDrivenConsumer       : started bean '_org.springframework.integration.errorLogger'
2024-04-29 13:34:42.127  INFO 14820 --- [main] o.s.b.w.embedded.tomcat.TomcatWebServer  : Tomcat started on port(s): 8088 (http) with context path '/management-robot-avg/driveless'
2024-04-29 13:34:42.137  INFO 14820 --- [main] com.enova.driveless.api.Application      : Started Application in 2.255 seconds (JVM running for 3.272)
2024-04-29 13:35:04.106  INFO 14820 --- [http-nio-0.0.0.0-8088-exec-6] .C.[.[.[/management-robot-avg/driveless] : Initializing Spring DispatcherServlet 'dispatcherServlet'
2024-04-29 13:35:04.106  INFO 14820 --- [http-nio-0.0.0.0-8088-exec-6] o.s.web.servlet.DispatcherServlet        : Initializing Servlet 'dispatcherServlet'
2024-04-29 13:35:04.107  INFO 14820 --- [http-nio-0.0.0.0-8088-exec-6] o.s.web.servlet.DispatcherServlet        : Completed initialization in 0 ms
