2024-08-28 03:12:20.910  INFO 9856 --- [main] com.enova.notification.api.Application   : Starting Application using Java 11.0.18 on PC-001 with PID 9856 (C:\Worker\esprit-5eme\stage-pfe-5eme\Enova_Robotics\code\SEBN-project\notification.api\target\classes started by borhen in C:\Worker\esprit-5eme\stage-pfe-5eme\Enova_Robotics\code\SEBN-project\notification.api)
2024-08-28 03:12:20.921  INFO 9856 --- [main] com.enova.notification.api.Application   : No active profile set, falling back to 1 default profile: "default"
2024-08-28 03:12:21.671  INFO 9856 --- [main] .s.d.r.c.RepositoryConfigurationDelegate : Bootstrapping Spring Data MongoDB repositories in DEFAULT mode.
2024-08-28 03:12:21.747  INFO 9856 --- [main] .s.d.r.c.RepositoryConfigurationDelegate : Finished Spring Data repository scanning in 71 ms. Found 1 MongoDB repository interfaces.
2024-08-28 03:12:21.819  INFO 9856 --- [main] faultConfiguringBeanFactoryPostProcessor : No bean named 'errorChannel' has been explicitly defined. Therefore, a default PublishSubscribeChannel will be created.
2024-08-28 03:12:21.831  INFO 9856 --- [main] faultConfiguringBeanFactoryPostProcessor : No bean named 'integrationHeaderChannelRegistry' has been explicitly defined. Therefore, a default DefaultHeaderChannelRegistry will be created.
2024-08-28 03:12:21.956  INFO 9856 --- [main] trationDelegate$BeanPostProcessorChecker : Bean 'org.springframework.integration.config.IntegrationManagementConfiguration' of type [org.springframework.integration.config.IntegrationManagementConfiguration] is not eligible for getting processed by all BeanPostProcessors (for example: not eligible for auto-proxying)
2024-08-28 03:12:21.960  INFO 9856 --- [main] trationDelegate$BeanPostProcessorChecker : Bean 'integrationChannelResolver' of type [org.springframework.integration.support.channel.BeanFactoryChannelResolver] is not eligible for getting processed by all BeanPostProcessors (for example: not eligible for auto-proxying)
2024-08-28 03:12:22.155  INFO 9856 --- [main] o.s.b.w.embedded.tomcat.TomcatWebServer  : Tomcat initialized with port(s): 8087 (http)
2024-08-28 03:12:22.165  INFO 9856 --- [main] o.apache.catalina.core.StandardService   : Starting service [Tomcat]
2024-08-28 03:12:22.165  INFO 9856 --- [main] org.apache.catalina.core.StandardEngine  : Starting Servlet engine: [Apache Tomcat/9.0.64]
2024-08-28 03:12:22.245  INFO 9856 --- [main] .[.[.[/management-robot-avg/notfication] : Initializing Spring embedded WebApplicationContext
2024-08-28 03:12:22.245  INFO 9856 --- [main] w.s.c.ServletWebServerApplicationContext : Root WebApplicationContext: initialization completed in 1259 ms
2024-08-28 03:12:22.376  INFO 9856 --- [main] org.mongodb.driver.cluster               : Cluster created with settings {hosts=[localhost:27017], mode=SINGLE, requiredClusterType=UNKNOWN, serverSelectionTimeout='30000 ms'}
2024-08-28 03:12:22.442  INFO 9856 --- [cluster-rtt-ClusterId{value='66ce8786338ab57691cf5b96', description='null'}-localhost:27017] org.mongodb.driver.connection            : Opened connection [connectionId{localValue:1, serverValue:85}] to localhost:27017
2024-08-28 03:12:22.442  INFO 9856 --- [cluster-ClusterId{value='66ce8786338ab57691cf5b96', description='null'}-localhost:27017] org.mongodb.driver.connection            : Opened connection [connectionId{localValue:2, serverValue:86}] to localhost:27017
2024-08-28 03:12:22.443  INFO 9856 --- [cluster-ClusterId{value='66ce8786338ab57691cf5b96', description='null'}-localhost:27017] org.mongodb.driver.cluster               : Monitor thread successfully connected to server with description ServerDescription{address=localhost:27017, type=STANDALONE, state=CONNECTED, ok=true, minWireVersion=0, maxWireVersion=21, maxDocumentSize=16777216, logicalSessionTimeoutMinutes=30, roundTripTimeNanos=29982700}
2024-08-28 03:12:23.451  INFO 9856 --- [main] o.s.i.endpoint.EventDrivenConsumer       : Adding {logging-channel-adapter:_org.springframework.integration.errorLogger} as a subscriber to the 'errorChannel' channel
2024-08-28 03:12:23.451  INFO 9856 --- [main] o.s.i.channel.PublishSubscribeChannel    : Channel 'notification.api.errorChannel' has 1 subscriber(s).
2024-08-28 03:12:23.452  INFO 9856 --- [main] o.s.i.endpoint.EventDrivenConsumer       : started bean '_org.springframework.integration.errorLogger'
2024-08-28 03:12:23.469  INFO 9856 --- [main] o.s.b.w.embedded.tomcat.TomcatWebServer  : Tomcat started on port(s): 8087 (http) with context path '/management-robot-avg/notfication'
2024-08-28 03:12:23.480  INFO 9856 --- [main] com.enova.notification.api.Application   : Started Application in 3.165 seconds (JVM running for 4.507)
2024-08-28 03:16:59.320  INFO 9856 --- [SpringApplicationShutdownHook] o.s.i.endpoint.EventDrivenConsumer       : Removing {logging-channel-adapter:_org.springframework.integration.errorLogger} as a subscriber to the 'errorChannel' channel
2024-08-28 03:16:59.321  INFO 9856 --- [SpringApplicationShutdownHook] o.s.i.channel.PublishSubscribeChannel    : Channel 'notification.api.errorChannel' has 0 subscriber(s).
2024-08-28 03:16:59.321  INFO 9856 --- [SpringApplicationShutdownHook] o.s.i.endpoint.EventDrivenConsumer       : stopped bean '_org.springframework.integration.errorLogger'
2024-08-28 03:17:05.116  INFO 41624 --- [main] com.enova.notification.api.Application   : Starting Application using Java 11.0.18 on PC-001 with PID 41624 (C:\Worker\esprit-5eme\stage-pfe-5eme\Enova_Robotics\code\SEBN-project\notification.api\target\classes started by borhen in C:\Worker\esprit-5eme\stage-pfe-5eme\Enova_Robotics\code\SEBN-project\notification.api)
2024-08-28 03:17:05.119  INFO 41624 --- [main] com.enova.notification.api.Application   : No active profile set, falling back to 1 default profile: "default"
2024-08-28 03:17:05.732  INFO 41624 --- [main] .s.d.r.c.RepositoryConfigurationDelegate : Bootstrapping Spring Data MongoDB repositories in DEFAULT mode.
2024-08-28 03:17:05.799  INFO 41624 --- [main] .s.d.r.c.RepositoryConfigurationDelegate : Finished Spring Data repository scanning in 62 ms. Found 1 MongoDB repository interfaces.
2024-08-28 03:17:05.882  INFO 41624 --- [main] faultConfiguringBeanFactoryPostProcessor : No bean named 'errorChannel' has been explicitly defined. Therefore, a default PublishSubscribeChannel will be created.
2024-08-28 03:17:05.890  INFO 41624 --- [main] faultConfiguringBeanFactoryPostProcessor : No bean named 'integrationHeaderChannelRegistry' has been explicitly defined. Therefore, a default DefaultHeaderChannelRegistry will be created.
2024-08-28 03:17:06.005  INFO 41624 --- [main] trationDelegate$BeanPostProcessorChecker : Bean 'org.springframework.integration.config.IntegrationManagementConfiguration' of type [org.springframework.integration.config.IntegrationManagementConfiguration] is not eligible for getting processed by all BeanPostProcessors (for example: not eligible for auto-proxying)
2024-08-28 03:17:06.010  INFO 41624 --- [main] trationDelegate$BeanPostProcessorChecker : Bean 'integrationChannelResolver' of type [org.springframework.integration.support.channel.BeanFactoryChannelResolver] is not eligible for getting processed by all BeanPostProcessors (for example: not eligible for auto-proxying)
2024-08-28 03:17:06.182  INFO 41624 --- [main] o.s.b.w.embedded.tomcat.TomcatWebServer  : Tomcat initialized with port(s): 8087 (http)
2024-08-28 03:17:06.190  INFO 41624 --- [main] o.apache.catalina.core.StandardService   : Starting service [Tomcat]
2024-08-28 03:17:06.190  INFO 41624 --- [main] org.apache.catalina.core.StandardEngine  : Starting Servlet engine: [Apache Tomcat/9.0.64]
2024-08-28 03:17:06.276  INFO 41624 --- [main] .[.[.[/management-robot-avg/notfication] : Initializing Spring embedded WebApplicationContext
2024-08-28 03:17:06.277  INFO 41624 --- [main] w.s.c.ServletWebServerApplicationContext : Root WebApplicationContext: initialization completed in 1115 ms
2024-08-28 03:17:06.414  INFO 41624 --- [main] org.mongodb.driver.cluster               : Cluster created with settings {hosts=[localhost:27017], mode=SINGLE, requiredClusterType=UNKNOWN, serverSelectionTimeout='30000 ms'}
2024-08-28 03:17:06.473  INFO 41624 --- [cluster-ClusterId{value='66ce88a28dcb62625fc260a6', description='null'}-localhost:27017] org.mongodb.driver.connection            : Opened connection [connectionId{localValue:2, serverValue:88}] to localhost:27017
2024-08-28 03:17:06.473  INFO 41624 --- [cluster-rtt-ClusterId{value='66ce88a28dcb62625fc260a6', description='null'}-localhost:27017] org.mongodb.driver.connection            : Opened connection [connectionId{localValue:1, serverValue:87}] to localhost:27017
2024-08-28 03:17:06.475  INFO 41624 --- [cluster-ClusterId{value='66ce88a28dcb62625fc260a6', description='null'}-localhost:27017] org.mongodb.driver.cluster               : Monitor thread successfully connected to server with description ServerDescription{address=localhost:27017, type=STANDALONE, state=CONNECTED, ok=true, minWireVersion=0, maxWireVersion=21, maxDocumentSize=16777216, logicalSessionTimeoutMinutes=30, roundTripTimeNanos=20142801}
2024-08-28 03:17:07.421  INFO 41624 --- [main] o.s.i.endpoint.EventDrivenConsumer       : Adding {logging-channel-adapter:_org.springframework.integration.errorLogger} as a subscriber to the 'errorChannel' channel
2024-08-28 03:17:07.421  INFO 41624 --- [main] o.s.i.channel.PublishSubscribeChannel    : Channel 'notification.api.errorChannel' has 1 subscriber(s).
2024-08-28 03:17:07.422  INFO 41624 --- [main] o.s.i.endpoint.EventDrivenConsumer       : started bean '_org.springframework.integration.errorLogger'
2024-08-28 03:17:07.436  INFO 41624 --- [main] o.s.b.w.embedded.tomcat.TomcatWebServer  : Tomcat started on port(s): 8087 (http) with context path '/management-robot-avg/notfication'
2024-08-28 03:17:07.445  INFO 41624 --- [main] com.enova.notification.api.Application   : Started Application in 2.714 seconds (JVM running for 3.87)
2024-08-28 03:17:13.852  INFO 41624 --- [http-nio-0.0.0.0-8087-exec-2] .[.[.[/management-robot-avg/notfication] : Initializing Spring DispatcherServlet 'dispatcherServlet'
2024-08-28 03:17:13.853  INFO 41624 --- [http-nio-0.0.0.0-8087-exec-2] o.s.web.servlet.DispatcherServlet        : Initializing Servlet 'dispatcherServlet'
2024-08-28 03:17:13.854  INFO 41624 --- [http-nio-0.0.0.0-8087-exec-2] o.s.web.servlet.DispatcherServlet        : Completed initialization in 1 ms
2024-08-28 03:18:07.516  INFO 41624 --- [SpringApplicationShutdownHook] o.s.i.endpoint.EventDrivenConsumer       : Removing {logging-channel-adapter:_org.springframework.integration.errorLogger} as a subscriber to the 'errorChannel' channel
2024-08-28 03:18:07.517  INFO 41624 --- [SpringApplicationShutdownHook] o.s.i.channel.PublishSubscribeChannel    : Channel 'notification.api.errorChannel' has 0 subscriber(s).
2024-08-28 03:18:07.517  INFO 41624 --- [SpringApplicationShutdownHook] o.s.i.endpoint.EventDrivenConsumer       : stopped bean '_org.springframework.integration.errorLogger'
2024-08-28 03:18:11.753  INFO 28080 --- [main] com.enova.notification.api.Application   : Starting Application using Java 11.0.18 on PC-001 with PID 28080 (C:\Worker\esprit-5eme\stage-pfe-5eme\Enova_Robotics\code\SEBN-project\notification.api\target\classes started by borhen in C:\Worker\esprit-5eme\stage-pfe-5eme\Enova_Robotics\code\SEBN-project\notification.api)
2024-08-28 03:18:11.759  INFO 28080 --- [main] com.enova.notification.api.Application   : No active profile set, falling back to 1 default profile: "default"
2024-08-28 03:18:12.339  INFO 28080 --- [main] .s.d.r.c.RepositoryConfigurationDelegate : Bootstrapping Spring Data MongoDB repositories in DEFAULT mode.
2024-08-28 03:18:12.424  INFO 28080 --- [main] .s.d.r.c.RepositoryConfigurationDelegate : Finished Spring Data repository scanning in 79 ms. Found 1 MongoDB repository interfaces.
2024-08-28 03:18:12.499  INFO 28080 --- [main] faultConfiguringBeanFactoryPostProcessor : No bean named 'errorChannel' has been explicitly defined. Therefore, a default PublishSubscribeChannel will be created.
2024-08-28 03:18:12.507  INFO 28080 --- [main] faultConfiguringBeanFactoryPostProcessor : No bean named 'integrationHeaderChannelRegistry' has been explicitly defined. Therefore, a default DefaultHeaderChannelRegistry will be created.
2024-08-28 03:18:12.614  INFO 28080 --- [main] trationDelegate$BeanPostProcessorChecker : Bean 'org.springframework.integration.config.IntegrationManagementConfiguration' of type [org.springframework.integration.config.IntegrationManagementConfiguration] is not eligible for getting processed by all BeanPostProcessors (for example: not eligible for auto-proxying)
2024-08-28 03:18:12.618  INFO 28080 --- [main] trationDelegate$BeanPostProcessorChecker : Bean 'integrationChannelResolver' of type [org.springframework.integration.support.channel.BeanFactoryChannelResolver] is not eligible for getting processed by all BeanPostProcessors (for example: not eligible for auto-proxying)
2024-08-28 03:18:12.768  INFO 28080 --- [main] o.s.b.w.embedded.tomcat.TomcatWebServer  : Tomcat initialized with port(s): 8087 (http)
2024-08-28 03:18:12.775  INFO 28080 --- [main] o.apache.catalina.core.StandardService   : Starting service [Tomcat]
2024-08-28 03:18:12.775  INFO 28080 --- [main] org.apache.catalina.core.StandardEngine  : Starting Servlet engine: [Apache Tomcat/9.0.64]
2024-08-28 03:18:12.846  INFO 28080 --- [main] .[.[.[/management-robot-avg/notfication] : Initializing Spring embedded WebApplicationContext
2024-08-28 03:18:12.846  INFO 28080 --- [main] w.s.c.ServletWebServerApplicationContext : Root WebApplicationContext: initialization completed in 1049 ms
2024-08-28 03:18:12.956  INFO 28080 --- [main] org.mongodb.driver.cluster               : Cluster created with settings {hosts=[localhost:27017], mode=SINGLE, requiredClusterType=UNKNOWN, serverSelectionTimeout='30000 ms'}
2024-08-28 03:18:13.004  INFO 28080 --- [cluster-ClusterId{value='66ce88e4f25240275ef88111', description='null'}-localhost:27017] org.mongodb.driver.connection            : Opened connection [connectionId{localValue:1, serverValue:89}] to localhost:27017
2024-08-28 03:18:13.004  INFO 28080 --- [cluster-rtt-ClusterId{value='66ce88e4f25240275ef88111', description='null'}-localhost:27017] org.mongodb.driver.connection            : Opened connection [connectionId{localValue:2, serverValue:90}] to localhost:27017
2024-08-28 03:18:13.005  INFO 28080 --- [cluster-ClusterId{value='66ce88e4f25240275ef88111', description='null'}-localhost:27017] org.mongodb.driver.cluster               : Monitor thread successfully connected to server with description ServerDescription{address=localhost:27017, type=STANDALONE, state=CONNECTED, ok=true, minWireVersion=0, maxWireVersion=21, maxDocumentSize=16777216, logicalSessionTimeoutMinutes=30, roundTripTimeNanos=18847901}
2024-08-28 03:18:13.919  INFO 28080 --- [main] o.s.i.endpoint.EventDrivenConsumer       : Adding {logging-channel-adapter:_org.springframework.integration.errorLogger} as a subscriber to the 'errorChannel' channel
2024-08-28 03:18:13.920  INFO 28080 --- [main] o.s.i.channel.PublishSubscribeChannel    : Channel 'notification.api.errorChannel' has 1 subscriber(s).
2024-08-28 03:18:13.920  INFO 28080 --- [main] o.s.i.endpoint.EventDrivenConsumer       : started bean '_org.springframework.integration.errorLogger'
2024-08-28 03:18:13.934  INFO 28080 --- [main] o.s.b.w.embedded.tomcat.TomcatWebServer  : Tomcat started on port(s): 8087 (http) with context path '/management-robot-avg/notfication'
2024-08-28 03:18:13.943  INFO 28080 --- [main] com.enova.notification.api.Application   : Started Application in 2.607 seconds (JVM running for 3.723)
2024-08-28 03:18:22.733  INFO 28080 --- [http-nio-0.0.0.0-8087-exec-1] .[.[.[/management-robot-avg/notfication] : Initializing Spring DispatcherServlet 'dispatcherServlet'
2024-08-28 03:18:22.733  INFO 28080 --- [http-nio-0.0.0.0-8087-exec-1] o.s.web.servlet.DispatcherServlet        : Initializing Servlet 'dispatcherServlet'
2024-08-28 03:18:22.734  INFO 28080 --- [http-nio-0.0.0.0-8087-exec-1] o.s.web.servlet.DispatcherServlet        : Completed initialization in 1 ms
2024-08-28 03:39:48.264  INFO 28080 --- [SpringApplicationShutdownHook] o.s.i.endpoint.EventDrivenConsumer       : Removing {logging-channel-adapter:_org.springframework.integration.errorLogger} as a subscriber to the 'errorChannel' channel
2024-08-28 03:39:48.265  INFO 28080 --- [SpringApplicationShutdownHook] o.s.i.channel.PublishSubscribeChannel    : Channel 'notification.api.errorChannel' has 0 subscriber(s).
2024-08-28 03:39:48.265  INFO 28080 --- [SpringApplicationShutdownHook] o.s.i.endpoint.EventDrivenConsumer       : stopped bean '_org.springframework.integration.errorLogger'
