2024-03-29 05:01:53.469  INFO 30588 --- [main] com.enova.collector.api.Application      : Starting Application using Java 11.0.18 on PC-001 with PID 30588 (C:\Worker\esprit-5eme\stage-pfe-5eme\Enova_Robotics\code\SEBN-project\collector.api\target\classes started by borhen in C:\Worker\esprit-5eme\stage-pfe-5eme\Enova_Robotics\code\SEBN-project\collector.api)
2024-03-29 05:01:53.475  INFO 30588 --- [main] com.enova.collector.api.Application      : No active profile set, falling back to 1 default profile: "default"
2024-03-29 05:01:53.945  INFO 30588 --- [main] .s.d.r.c.RepositoryConfigurationDelegate : Bootstrapping Spring Data MongoDB repositories in DEFAULT mode.
2024-03-29 05:01:54.012  INFO 30588 --- [main] .s.d.r.c.RepositoryConfigurationDelegate : Finished Spring Data repository scanning in 62 ms. Found 2 MongoDB repository interfaces.
2024-03-29 05:01:54.054  INFO 30588 --- [main] faultConfiguringBeanFactoryPostProcessor : No bean named 'errorChannel' has been explicitly defined. Therefore, a default PublishSubscribeChannel will be created.
2024-03-29 05:01:54.065  INFO 30588 --- [main] faultConfiguringBeanFactoryPostProcessor : No bean named 'integrationHeaderChannelRegistry' has been explicitly defined. Therefore, a default DefaultHeaderChannelRegistry will be created.
2024-03-29 05:01:54.215  INFO 30588 --- [main] trationDelegate$BeanPostProcessorChecker : Bean 'org.springframework.integration.config.IntegrationManagementConfiguration' of type [org.springframework.integration.config.IntegrationManagementConfiguration] is not eligible for getting processed by all BeanPostProcessors (for example: not eligible for auto-proxying)
2024-03-29 05:01:54.296  INFO 30588 --- [main] trationDelegate$BeanPostProcessorChecker : Bean 'integrationChannelResolver' of type [org.springframework.integration.support.channel.BeanFactoryChannelResolver] is not eligible for getting processed by all BeanPostProcessors (for example: not eligible for auto-proxying)
2024-03-29 05:01:54.640  INFO 30588 --- [main] org.mongodb.driver.cluster               : Cluster created with settings {hosts=[localhost:27017], mode=SINGLE, requiredClusterType=UNKNOWN, serverSelectionTimeout='30000 ms'}
2024-03-29 05:01:54.703  INFO 30588 --- [cluster-ClusterId{value='66063d325ed4c21ae1650516', description='null'}-localhost:27017] org.mongodb.driver.connection            : Opened connection [connectionId{localValue:2, serverValue:17}] to localhost:27017
2024-03-29 05:01:54.703  INFO 30588 --- [cluster-rtt-ClusterId{value='66063d325ed4c21ae1650516', description='null'}-localhost:27017] org.mongodb.driver.connection            : Opened connection [connectionId{localValue:1, serverValue:16}] to localhost:27017
2024-03-29 05:01:54.704  INFO 30588 --- [cluster-ClusterId{value='66063d325ed4c21ae1650516', description='null'}-localhost:27017] org.mongodb.driver.cluster               : Monitor thread successfully connected to server with description ServerDescription{address=localhost:27017, type=STANDALONE, state=CONNECTED, ok=true, minWireVersion=0, maxWireVersion=21, maxDocumentSize=16777216, logicalSessionTimeoutMinutes=30, roundTripTimeNanos=19056200}
2024-03-29 05:01:55.704  INFO 30588 --- [main] o.s.i.endpoint.EventDrivenConsumer       : Adding {logging-channel-adapter:_org.springframework.integration.errorLogger} as a subscriber to the 'errorChannel' channel
2024-03-29 05:01:55.704  INFO 30588 --- [main] o.s.i.channel.PublishSubscribeChannel    : Channel 'collector.api.errorChannel' has 1 subscriber(s).
2024-03-29 05:01:55.705  INFO 30588 --- [main] o.s.i.endpoint.EventDrivenConsumer       : started bean '_org.springframework.integration.errorLogger'
2024-03-29 05:01:55.713  INFO 30588 --- [main] com.enova.collector.api.Application      : Started Application in 2.645 seconds (JVM running for 3.878)
2024-03-29 05:02:09.318  INFO 30588 --- [RobotExecutor-1] org.mongodb.driver.connection            : Opened connection [connectionId{localValue:3, serverValue:18}] to localhost:27017
2024-03-29 05:02:31.926  INFO 30588 --- [SpringApplicationShutdownHook] o.s.i.endpoint.EventDrivenConsumer       : Removing {logging-channel-adapter:_org.springframework.integration.errorLogger} as a subscriber to the 'errorChannel' channel
2024-03-29 05:02:31.927  INFO 30588 --- [SpringApplicationShutdownHook] o.s.i.channel.PublishSubscribeChannel    : Channel 'collector.api.errorChannel' has 0 subscriber(s).
2024-03-29 05:02:31.927  INFO 30588 --- [SpringApplicationShutdownHook] o.s.i.endpoint.EventDrivenConsumer       : stopped bean '_org.springframework.integration.errorLogger'
2024-03-29 05:02:36.387  INFO 26412 --- [main] com.enova.collector.api.Application      : Starting Application using Java 11.0.18 on PC-001 with PID 26412 (C:\Worker\esprit-5eme\stage-pfe-5eme\Enova_Robotics\code\SEBN-project\collector.api\target\classes started by borhen in C:\Worker\esprit-5eme\stage-pfe-5eme\Enova_Robotics\code\SEBN-project\collector.api)
2024-03-29 05:02:36.392  INFO 26412 --- [main] com.enova.collector.api.Application      : No active profile set, falling back to 1 default profile: "default"
2024-03-29 05:02:36.866  INFO 26412 --- [main] .s.d.r.c.RepositoryConfigurationDelegate : Bootstrapping Spring Data MongoDB repositories in DEFAULT mode.
2024-03-29 05:02:36.937  INFO 26412 --- [main] .s.d.r.c.RepositoryConfigurationDelegate : Finished Spring Data repository scanning in 65 ms. Found 2 MongoDB repository interfaces.
2024-03-29 05:02:36.985  INFO 26412 --- [main] faultConfiguringBeanFactoryPostProcessor : No bean named 'errorChannel' has been explicitly defined. Therefore, a default PublishSubscribeChannel will be created.
2024-03-29 05:02:36.993  INFO 26412 --- [main] faultConfiguringBeanFactoryPostProcessor : No bean named 'integrationHeaderChannelRegistry' has been explicitly defined. Therefore, a default DefaultHeaderChannelRegistry will be created.
2024-03-29 05:02:37.127  INFO 26412 --- [main] trationDelegate$BeanPostProcessorChecker : Bean 'org.springframework.integration.config.IntegrationManagementConfiguration' of type [org.springframework.integration.config.IntegrationManagementConfiguration] is not eligible for getting processed by all BeanPostProcessors (for example: not eligible for auto-proxying)
2024-03-29 05:02:37.198  INFO 26412 --- [main] trationDelegate$BeanPostProcessorChecker : Bean 'integrationChannelResolver' of type [org.springframework.integration.support.channel.BeanFactoryChannelResolver] is not eligible for getting processed by all BeanPostProcessors (for example: not eligible for auto-proxying)
2024-03-29 05:02:37.479  INFO 26412 --- [main] org.mongodb.driver.cluster               : Cluster created with settings {hosts=[localhost:27017], mode=SINGLE, requiredClusterType=UNKNOWN, serverSelectionTimeout='30000 ms'}
2024-03-29 05:02:37.545  INFO 26412 --- [cluster-rtt-ClusterId{value='66063d5d5d4e0f35bada52a1', description='null'}-localhost:27017] org.mongodb.driver.connection            : Opened connection [connectionId{localValue:1, serverValue:20}] to localhost:27017
2024-03-29 05:02:37.545  INFO 26412 --- [cluster-ClusterId{value='66063d5d5d4e0f35bada52a1', description='null'}-localhost:27017] org.mongodb.driver.connection            : Opened connection [connectionId{localValue:2, serverValue:19}] to localhost:27017
2024-03-29 05:02:37.547  INFO 26412 --- [cluster-ClusterId{value='66063d5d5d4e0f35bada52a1', description='null'}-localhost:27017] org.mongodb.driver.cluster               : Monitor thread successfully connected to server with description ServerDescription{address=localhost:27017, type=STANDALONE, state=CONNECTED, ok=true, minWireVersion=0, maxWireVersion=21, maxDocumentSize=16777216, logicalSessionTimeoutMinutes=30, roundTripTimeNanos=23143900}
2024-03-29 05:02:38.593  INFO 26412 --- [main] o.s.i.endpoint.EventDrivenConsumer       : Adding {logging-channel-adapter:_org.springframework.integration.errorLogger} as a subscriber to the 'errorChannel' channel
2024-03-29 05:02:38.593  INFO 26412 --- [main] o.s.i.channel.PublishSubscribeChannel    : Channel 'collector.api.errorChannel' has 1 subscriber(s).
2024-03-29 05:02:38.594  INFO 26412 --- [main] o.s.i.endpoint.EventDrivenConsumer       : started bean '_org.springframework.integration.errorLogger'
2024-03-29 05:02:38.601  INFO 26412 --- [main] com.enova.collector.api.Application      : Started Application in 2.683 seconds (JVM running for 3.698)
2024-03-29 05:02:42.478  INFO 26412 --- [RobotExecutor-1] org.mongodb.driver.connection            : Opened connection [connectionId{localValue:3, serverValue:21}] to localhost:27017
2024-03-29 05:06:08.954  INFO 26412 --- [SpringApplicationShutdownHook] o.s.i.endpoint.EventDrivenConsumer       : Removing {logging-channel-adapter:_org.springframework.integration.errorLogger} as a subscriber to the 'errorChannel' channel
2024-03-29 05:06:08.956  INFO 26412 --- [SpringApplicationShutdownHook] o.s.i.channel.PublishSubscribeChannel    : Channel 'collector.api.errorChannel' has 0 subscriber(s).
2024-03-29 05:06:08.956  INFO 26412 --- [SpringApplicationShutdownHook] o.s.i.endpoint.EventDrivenConsumer       : stopped bean '_org.springframework.integration.errorLogger'
2024-03-29 05:06:13.044  INFO 14440 --- [main] com.enova.collector.api.Application      : Starting Application using Java 11.0.18 on PC-001 with PID 14440 (C:\Worker\esprit-5eme\stage-pfe-5eme\Enova_Robotics\code\SEBN-project\collector.api\target\classes started by borhen in C:\Worker\esprit-5eme\stage-pfe-5eme\Enova_Robotics\code\SEBN-project\collector.api)
2024-03-29 05:06:13.046  INFO 14440 --- [main] com.enova.collector.api.Application      : No active profile set, falling back to 1 default profile: "default"
2024-03-29 05:06:13.473  INFO 14440 --- [main] .s.d.r.c.RepositoryConfigurationDelegate : Bootstrapping Spring Data MongoDB repositories in DEFAULT mode.
2024-03-29 05:06:13.528  INFO 14440 --- [main] .s.d.r.c.RepositoryConfigurationDelegate : Finished Spring Data repository scanning in 52 ms. Found 2 MongoDB repository interfaces.
2024-03-29 05:06:13.566  INFO 14440 --- [main] faultConfiguringBeanFactoryPostProcessor : No bean named 'errorChannel' has been explicitly defined. Therefore, a default PublishSubscribeChannel will be created.
2024-03-29 05:06:13.573  INFO 14440 --- [main] faultConfiguringBeanFactoryPostProcessor : No bean named 'integrationHeaderChannelRegistry' has been explicitly defined. Therefore, a default DefaultHeaderChannelRegistry will be created.
2024-03-29 05:06:13.707  INFO 14440 --- [main] trationDelegate$BeanPostProcessorChecker : Bean 'org.springframework.integration.config.IntegrationManagementConfiguration' of type [org.springframework.integration.config.IntegrationManagementConfiguration] is not eligible for getting processed by all BeanPostProcessors (for example: not eligible for auto-proxying)
2024-03-29 05:06:13.763  INFO 14440 --- [main] trationDelegate$BeanPostProcessorChecker : Bean 'integrationChannelResolver' of type [org.springframework.integration.support.channel.BeanFactoryChannelResolver] is not eligible for getting processed by all BeanPostProcessors (for example: not eligible for auto-proxying)
2024-03-29 05:06:14.003  INFO 14440 --- [main] org.mongodb.driver.cluster               : Cluster created with settings {hosts=[localhost:27017], mode=SINGLE, requiredClusterType=UNKNOWN, serverSelectionTimeout='30000 ms'}
2024-03-29 05:06:14.059  INFO 14440 --- [cluster-rtt-ClusterId{value='66063e361bc0c92239a7e9e6', description='null'}-localhost:27017] org.mongodb.driver.connection            : Opened connection [connectionId{localValue:1, serverValue:22}] to localhost:27017
2024-03-29 05:06:14.059  INFO 14440 --- [cluster-ClusterId{value='66063e361bc0c92239a7e9e6', description='null'}-localhost:27017] org.mongodb.driver.connection            : Opened connection [connectionId{localValue:2, serverValue:23}] to localhost:27017
2024-03-29 05:06:14.060  INFO 14440 --- [cluster-ClusterId{value='66063e361bc0c92239a7e9e6', description='null'}-localhost:27017] org.mongodb.driver.cluster               : Monitor thread successfully connected to server with description ServerDescription{address=localhost:27017, type=STANDALONE, state=CONNECTED, ok=true, minWireVersion=0, maxWireVersion=21, maxDocumentSize=16777216, logicalSessionTimeoutMinutes=30, roundTripTimeNanos=17213100}
2024-03-29 05:06:14.959  INFO 14440 --- [main] o.s.i.endpoint.EventDrivenConsumer       : Adding {logging-channel-adapter:_org.springframework.integration.errorLogger} as a subscriber to the 'errorChannel' channel
2024-03-29 05:06:14.959  INFO 14440 --- [main] o.s.i.channel.PublishSubscribeChannel    : Channel 'collector.api.errorChannel' has 1 subscriber(s).
2024-03-29 05:06:14.960  INFO 14440 --- [main] o.s.i.endpoint.EventDrivenConsumer       : started bean '_org.springframework.integration.errorLogger'
2024-03-29 05:06:14.967  INFO 14440 --- [main] com.enova.collector.api.Application      : Started Application in 2.255 seconds (JVM running for 3.26)
2024-03-29 05:06:17.746  INFO 14440 --- [RobotExecutor-1] org.mongodb.driver.connection            : Opened connection [connectionId{localValue:3, serverValue:24}] to localhost:27017
2024-03-29 05:49:42.541  INFO 14440 --- [SpringApplicationShutdownHook] o.s.i.endpoint.EventDrivenConsumer       : Removing {logging-channel-adapter:_org.springframework.integration.errorLogger} as a subscriber to the 'errorChannel' channel
2024-03-29 05:49:42.543  INFO 14440 --- [SpringApplicationShutdownHook] o.s.i.channel.PublishSubscribeChannel    : Channel 'collector.api.errorChannel' has 0 subscriber(s).
2024-03-29 05:49:42.544  INFO 14440 --- [SpringApplicationShutdownHook] o.s.i.endpoint.EventDrivenConsumer       : stopped bean '_org.springframework.integration.errorLogger'
