2024-06-05 10:12:30.957  INFO 32812 --- [main] com.enova.web.api.Application            : Starting Application using Java 11.0.18 on PC-001 with PID 32812 (C:\Worker\esprit-5eme\stage-pfe-5eme\Enova_Robotics\code\SEBN-project\web.api\target\classes started by borhen in C:\Worker\esprit-5eme\stage-pfe-5eme\Enova_Robotics\code\SEBN-project\web.api)
2024-06-05 10:12:30.964  INFO 32812 --- [main] com.enova.web.api.Application            : No active profile set, falling back to 1 default profile: "default"
2024-06-05 10:12:31.620  INFO 32812 --- [main] .s.d.r.c.RepositoryConfigurationDelegate : Bootstrapping Spring Data MongoDB repositories in DEFAULT mode.
2024-06-05 10:12:31.699  INFO 32812 --- [main] .s.d.r.c.RepositoryConfigurationDelegate : Finished Spring Data repository scanning in 76 ms. Found 7 MongoDB repository interfaces.
2024-06-05 10:12:32.144  INFO 32812 --- [main] o.s.b.w.embedded.tomcat.TomcatWebServer  : Tomcat initialized with port(s): 8089 (http)
2024-06-05 10:12:32.152  INFO 32812 --- [main] o.apache.catalina.core.StandardService   : Starting service [Tomcat]
2024-06-05 10:12:32.152  INFO 32812 --- [main] org.apache.catalina.core.StandardEngine  : Starting Servlet engine: [Apache Tomcat/9.0.64]
2024-06-05 10:12:32.246  INFO 32812 --- [main] o.a.c.c.C.[.[.[/management-robot-avg]    : Initializing Spring embedded WebApplicationContext
2024-06-05 10:12:32.247  INFO 32812 --- [main] w.s.c.ServletWebServerApplicationContext : Root WebApplicationContext: initialization completed in 1237 ms
2024-06-05 10:12:32.353  INFO 32812 --- [main] org.mongodb.driver.cluster               : Cluster created with settings {hosts=[localhost:27017], mode=SINGLE, requiredClusterType=UNKNOWN, serverSelectionTimeout='30000 ms'}
2024-06-05 10:12:32.399  INFO 32812 --- [cluster-rtt-ClusterId{value='66602c009302a02fe21ca9c6', description='null'}-localhost:27017] org.mongodb.driver.connection            : Opened connection [connectionId{localValue:2, serverValue:328}] to localhost:27017
2024-06-05 10:12:32.399  INFO 32812 --- [cluster-ClusterId{value='66602c009302a02fe21ca9c6', description='null'}-localhost:27017] org.mongodb.driver.connection            : Opened connection [connectionId{localValue:1, serverValue:327}] to localhost:27017
2024-06-05 10:12:32.401  INFO 32812 --- [cluster-ClusterId{value='66602c009302a02fe21ca9c6', description='null'}-localhost:27017] org.mongodb.driver.cluster               : Monitor thread successfully connected to server with description ServerDescription{address=localhost:27017, type=STANDALONE, state=CONNECTED, ok=true, minWireVersion=0, maxWireVersion=21, maxDocumentSize=16777216, logicalSessionTimeoutMinutes=30, roundTripTimeNanos=17329600}
2024-06-05 10:12:32.575  INFO 32812 --- [main] m.c.i.MongoPersistentEntityIndexResolver : Found cycle for field '_id' in type 'Robot' for path 'robots -> workstation -> robots'
2024-06-05 10:12:32.575  INFO 32812 --- [main] m.c.i.MongoPersistentEntityIndexResolver : Found cycle for field '_id' in type 'Robot' for path 'robots -> workstation -> tags -> workstation -> robots'
2024-06-05 10:12:32.575  INFO 32812 --- [main] m.c.i.MongoPersistentEntityIndexResolver : Found cycle for field '_id' in type 'Tag' for path 'tags -> workstation -> tags'
2024-06-05 10:12:32.576  INFO 32812 --- [main] m.c.i.MongoPersistentEntityIndexResolver : Found cycle for field '_id' in type 'Robot' for path 'robots -> workstation -> robots'
2024-06-05 10:12:32.576  INFO 32812 --- [main] m.c.i.MongoPersistentEntityIndexResolver : Found cycle for field '_id' in type 'Tag' for path 'tags -> workstation -> robots -> workstation -> tags'
2024-06-05 10:12:32.576  INFO 32812 --- [main] m.c.i.MongoPersistentEntityIndexResolver : Found cycle for field '_id' in type 'Tag' for path 'tags -> workstation -> tags'
2024-06-05 10:12:32.577  INFO 32812 --- [main] m.c.i.MongoPersistentEntityIndexResolver : Found cycle for field 'workstation' in type 'Robot' for path 'robots -> workstation -> robots'
2024-06-05 10:12:32.577  INFO 32812 --- [main] m.c.i.MongoPersistentEntityIndexResolver : Found cycle for field 'robots' in type 'Workstation' for path 'robots -> workstation -> tags -> workstation -> robots'
2024-06-05 10:12:32.577  INFO 32812 --- [main] m.c.i.MongoPersistentEntityIndexResolver : Found cycle for field 'robots' in type 'Workstation' for path 'robots -> workstation -> robots'
2024-06-05 10:12:32.578  INFO 32812 --- [main] m.c.i.MongoPersistentEntityIndexResolver : Found cycle for field 'workstation' in type 'Tag' for path 'tags -> workstation -> tags'
2024-06-05 10:12:32.579  INFO 32812 --- [main] m.c.i.MongoPersistentEntityIndexResolver : Found cycle for field '_id' in type 'Workstation' for path 'workstation -> robots -> workstation'
2024-06-05 10:12:32.579  INFO 32812 --- [main] m.c.i.MongoPersistentEntityIndexResolver : Found cycle for field '_id' in type 'Workstation' for path 'workstation -> tags -> workstation -> robots -> workstation'
2024-06-05 10:12:32.579  INFO 32812 --- [main] m.c.i.MongoPersistentEntityIndexResolver : Found cycle for field '_id' in type 'Tag' for path 'tags -> workstation -> tags'
2024-06-05 10:12:32.580  INFO 32812 --- [main] m.c.i.MongoPersistentEntityIndexResolver : Found cycle for field 'robots' in type 'Workstation' for path 'workstation -> robots -> workstation'
2024-06-05 10:12:32.580  INFO 32812 --- [main] m.c.i.MongoPersistentEntityIndexResolver : Found cycle for field 'workstation' in type 'Robot' for path 'workstation -> tags -> workstation -> robots -> workstation'
2024-06-05 10:12:32.580  INFO 32812 --- [main] m.c.i.MongoPersistentEntityIndexResolver : Found cycle for field 'tags' in type 'Workstation' for path 'tags -> workstation -> tags'
2024-06-05 10:12:33.309  INFO 32812 --- [main] o.s.s.web.DefaultSecurityFilterChain     : Will secure any request with [org.springframework.security.web.context.request.async.WebAsyncManagerIntegrationFilter@315b5913, org.springframework.security.web.context.SecurityContextPersistenceFilter@5f0677f3, org.springframework.security.web.header.HeaderWriterFilter@4438b862, org.springframework.web.filter.CorsFilter@2e929182, org.springframework.security.web.authentication.logout.LogoutFilter@236861da, com.enova.web.api.Securitys.JwtAuthenticationFilter@78c74647, org.springframework.security.web.savedrequest.RequestCacheAwareFilter@4cd7d5e1, org.springframework.security.web.servletapi.SecurityContextHolderAwareRequestFilter@2ae3235e, org.springframework.security.web.authentication.AnonymousAuthenticationFilter@5423a17, org.springframework.security.web.session.SessionManagementFilter@7e77678c, org.springframework.security.web.access.ExceptionTranslationFilter@6658f08a, org.springframework.security.web.access.intercept.FilterSecurityInterceptor@12214f2f]
2024-06-05 10:12:33.456  INFO 32812 --- [main] o.s.b.w.embedded.tomcat.TomcatWebServer  : Tomcat started on port(s): 8089 (http) with context path '/management-robot-avg'
2024-06-05 10:12:33.465  INFO 32812 --- [main] com.enova.web.api.Application            : Started Application in 2.873 seconds (JVM running for 3.988)
2024-06-05 10:12:33.592  INFO 32812 --- [main] org.mongodb.driver.connection            : Opened connection [connectionId{localValue:3, serverValue:329}] to localhost:27017
2024-06-05 10:12:34.829  INFO 32812 --- [http-nio-0.0.0.0-8089-exec-2] o.a.c.c.C.[.[.[/management-robot-avg]    : Initializing Spring DispatcherServlet 'dispatcherServlet'
2024-06-05 10:12:34.831  INFO 32812 --- [http-nio-0.0.0.0-8089-exec-2] o.s.web.servlet.DispatcherServlet        : Initializing Servlet 'dispatcherServlet'
2024-06-05 10:12:34.831  INFO 32812 --- [http-nio-0.0.0.0-8089-exec-2] o.s.web.servlet.DispatcherServlet        : Completed initialization in 0 ms
2024-06-05 10:23:58.858  INFO 7496 --- [main] com.enova.web.api.Application            : Starting Application using Java 11.0.18 on PC-001 with PID 7496 (C:\Worker\esprit-5eme\stage-pfe-5eme\Enova_Robotics\code\SEBN-project\web.api\target\classes started by borhen in C:\Worker\esprit-5eme\stage-pfe-5eme\Enova_Robotics\code\SEBN-project\web.api)
2024-06-05 10:23:58.861  INFO 7496 --- [main] com.enova.web.api.Application            : No active profile set, falling back to 1 default profile: "default"
2024-06-05 10:23:59.485  INFO 7496 --- [main] .s.d.r.c.RepositoryConfigurationDelegate : Bootstrapping Spring Data MongoDB repositories in DEFAULT mode.
2024-06-05 10:23:59.562  INFO 7496 --- [main] .s.d.r.c.RepositoryConfigurationDelegate : Finished Spring Data repository scanning in 74 ms. Found 7 MongoDB repository interfaces.
2024-06-05 10:23:59.974  INFO 7496 --- [main] o.s.b.w.embedded.tomcat.TomcatWebServer  : Tomcat initialized with port(s): 8089 (http)
2024-06-05 10:23:59.980  INFO 7496 --- [main] o.apache.catalina.core.StandardService   : Starting service [Tomcat]
2024-06-05 10:23:59.980  INFO 7496 --- [main] org.apache.catalina.core.StandardEngine  : Starting Servlet engine: [Apache Tomcat/9.0.64]
2024-06-05 10:24:00.073  INFO 7496 --- [main] o.a.c.c.C.[.[.[/management-robot-avg]    : Initializing Spring embedded WebApplicationContext
2024-06-05 10:24:00.074  INFO 7496 --- [main] w.s.c.ServletWebServerApplicationContext : Root WebApplicationContext: initialization completed in 1171 ms
2024-06-05 10:24:00.185  INFO 7496 --- [main] org.mongodb.driver.cluster               : Cluster created with settings {hosts=[localhost:27017], mode=SINGLE, requiredClusterType=UNKNOWN, serverSelectionTimeout='30000 ms'}
2024-06-05 10:24:00.230  INFO 7496 --- [cluster-ClusterId{value='66602eb0219ad4063302306c', description='null'}-localhost:27017] org.mongodb.driver.connection            : Opened connection [connectionId{localValue:1, serverValue:330}] to localhost:27017
2024-06-05 10:24:00.230  INFO 7496 --- [cluster-rtt-ClusterId{value='66602eb0219ad4063302306c', description='null'}-localhost:27017] org.mongodb.driver.connection            : Opened connection [connectionId{localValue:2, serverValue:331}] to localhost:27017
2024-06-05 10:24:00.232  INFO 7496 --- [cluster-ClusterId{value='66602eb0219ad4063302306c', description='null'}-localhost:27017] org.mongodb.driver.cluster               : Monitor thread successfully connected to server with description ServerDescription{address=localhost:27017, type=STANDALONE, state=CONNECTED, ok=true, minWireVersion=0, maxWireVersion=21, maxDocumentSize=16777216, logicalSessionTimeoutMinutes=30, roundTripTimeNanos=18664200}
2024-06-05 10:24:00.422  INFO 7496 --- [main] m.c.i.MongoPersistentEntityIndexResolver : Found cycle for field '_id' in type 'Robot' for path 'robots -> workstation -> robots'
2024-06-05 10:24:00.422  INFO 7496 --- [main] m.c.i.MongoPersistentEntityIndexResolver : Found cycle for field '_id' in type 'Robot' for path 'robots -> workstation -> tags -> workstation -> robots'
2024-06-05 10:24:00.422  INFO 7496 --- [main] m.c.i.MongoPersistentEntityIndexResolver : Found cycle for field '_id' in type 'Tag' for path 'tags -> workstation -> tags'
2024-06-05 10:24:00.423  INFO 7496 --- [main] m.c.i.MongoPersistentEntityIndexResolver : Found cycle for field '_id' in type 'Robot' for path 'robots -> workstation -> robots'
2024-06-05 10:24:00.423  INFO 7496 --- [main] m.c.i.MongoPersistentEntityIndexResolver : Found cycle for field '_id' in type 'Tag' for path 'tags -> workstation -> robots -> workstation -> tags'
2024-06-05 10:24:00.423  INFO 7496 --- [main] m.c.i.MongoPersistentEntityIndexResolver : Found cycle for field '_id' in type 'Tag' for path 'tags -> workstation -> tags'
2024-06-05 10:24:00.424  INFO 7496 --- [main] m.c.i.MongoPersistentEntityIndexResolver : Found cycle for field 'workstation' in type 'Robot' for path 'robots -> workstation -> robots'
2024-06-05 10:24:00.424  INFO 7496 --- [main] m.c.i.MongoPersistentEntityIndexResolver : Found cycle for field 'robots' in type 'Workstation' for path 'robots -> workstation -> tags -> workstation -> robots'
2024-06-05 10:24:00.425  INFO 7496 --- [main] m.c.i.MongoPersistentEntityIndexResolver : Found cycle for field 'robots' in type 'Workstation' for path 'robots -> workstation -> robots'
2024-06-05 10:24:00.425  INFO 7496 --- [main] m.c.i.MongoPersistentEntityIndexResolver : Found cycle for field 'workstation' in type 'Tag' for path 'tags -> workstation -> tags'
2024-06-05 10:24:00.425  INFO 7496 --- [main] m.c.i.MongoPersistentEntityIndexResolver : Found cycle for field '_id' in type 'Workstation' for path 'workstation -> robots -> workstation'
2024-06-05 10:24:00.425  INFO 7496 --- [main] m.c.i.MongoPersistentEntityIndexResolver : Found cycle for field '_id' in type 'Workstation' for path 'workstation -> tags -> workstation -> robots -> workstation'
2024-06-05 10:24:00.426  INFO 7496 --- [main] m.c.i.MongoPersistentEntityIndexResolver : Found cycle for field '_id' in type 'Tag' for path 'tags -> workstation -> tags'
2024-06-05 10:24:00.426  INFO 7496 --- [main] m.c.i.MongoPersistentEntityIndexResolver : Found cycle for field 'robots' in type 'Workstation' for path 'workstation -> robots -> workstation'
2024-06-05 10:24:00.426  INFO 7496 --- [main] m.c.i.MongoPersistentEntityIndexResolver : Found cycle for field 'workstation' in type 'Robot' for path 'workstation -> tags -> workstation -> robots -> workstation'
2024-06-05 10:24:00.426  INFO 7496 --- [main] m.c.i.MongoPersistentEntityIndexResolver : Found cycle for field 'tags' in type 'Workstation' for path 'tags -> workstation -> tags'
2024-06-05 10:24:01.114  INFO 7496 --- [main] o.s.s.web.DefaultSecurityFilterChain     : Will secure any request with [org.springframework.security.web.context.request.async.WebAsyncManagerIntegrationFilter@3f0c6b3c, org.springframework.security.web.context.SecurityContextPersistenceFilter@6598caab, org.springframework.security.web.header.HeaderWriterFilter@63f2e0b, org.springframework.web.filter.CorsFilter@416a4275, org.springframework.security.web.authentication.logout.LogoutFilter@5103eea2, com.enova.web.api.Securitys.JwtAuthenticationFilter@124eb83d, org.springframework.security.web.savedrequest.RequestCacheAwareFilter@52ca0ad4, org.springframework.security.web.servletapi.SecurityContextHolderAwareRequestFilter@4536a715, org.springframework.security.web.authentication.AnonymousAuthenticationFilter@7bf65e0f, org.springframework.security.web.session.SessionManagementFilter@46ea78f0, org.springframework.security.web.access.ExceptionTranslationFilter@10dfa7ef, org.springframework.security.web.access.intercept.FilterSecurityInterceptor@4756e5cc]
2024-06-05 10:24:01.262  INFO 7496 --- [main] o.s.b.w.embedded.tomcat.TomcatWebServer  : Tomcat started on port(s): 8089 (http) with context path '/management-robot-avg'
2024-06-05 10:24:01.271  INFO 7496 --- [main] com.enova.web.api.Application            : Started Application in 2.72 seconds (JVM running for 3.73)
2024-06-05 10:24:01.367  INFO 7496 --- [main] org.mongodb.driver.connection            : Opened connection [connectionId{localValue:3, serverValue:332}] to localhost:27017
2024-06-05 10:24:14.928  INFO 7496 --- [http-nio-0.0.0.0-8089-exec-1] o.a.c.c.C.[.[.[/management-robot-avg]    : Initializing Spring DispatcherServlet 'dispatcherServlet'
2024-06-05 10:24:14.928  INFO 7496 --- [http-nio-0.0.0.0-8089-exec-1] o.s.web.servlet.DispatcherServlet        : Initializing Servlet 'dispatcherServlet'
2024-06-05 10:24:14.929  INFO 7496 --- [http-nio-0.0.0.0-8089-exec-1] o.s.web.servlet.DispatcherServlet        : Completed initialization in 1 ms
