2024-06-05 10:12:30.957  INFO 32812 --- [main] com.enova.web.api.Application            : Starting Application using Java 11.0.18 on PC-001 with PID 32812 (C:\Worker\esprit-5eme\stage-pfe-5eme\Enova_Robotics\code\SEBN-project\web.api\target\classes started by borhen in C:\Worker\esprit-5eme\stage-pfe-5eme\Enova_Robotics\code\SEBN-project\web.api)
2024-06-05 10:12:30.964  INFO 32812 --- [main] com.enova.web.api.Application            : No active profile set, falling back to 1 default profile: "default"
2024-06-05 10:12:31.620  INFO 32812 --- [main] .s.d.r.c.RepositoryConfigurationDelegate : Bootstrapping Spring Data MongoDB repositories in DEFAULT mode.
2024-06-05 10:12:31.699  INFO 32812 --- [main] .s.d.r.c.RepositoryConfigurationDelegate : Finished Spring Data repository scanning in 76 ms. Found 7 MongoDB repository interfaces.
2024-06-05 10:12:32.144  INFO 32812 --- [main] o.s.b.w.embedded.tomcat.TomcatWebServer  : Tomcat initialized with port(s): 8089 (http)
2024-06-05 10:12:32.152  INFO 32812 --- [main] o.apache.catalina.core.StandardService   : Starting service [Tomcat]
2024-06-05 10:12:32.152  INFO 32812 --- [main] org.apache.catalina.core.StandardEngine  : Starting Servlet engine: [Apache Tomcat/9.0.64]
2024-06-05 10:12:32.246  INFO 32812 --- [main] o.a.c.c.C.[.[.[/management-robot-avg]    : Initializing Spring embedded WebApplicationContext
2024-06-05 10:12:32.247  INFO 32812 --- [main] w.s.c.ServletWebServerApplicationContext : Root WebApplicationContext: initialization completed in 1237 ms
2024-06-05 10:12:32.353  INFO 32812 --- [main] org.mongodb.driver.cluster               : Cluster created with settings {hosts=[localhost:27017], mode=SINGLE, requiredClusterType=UNKNOWN, serverSelectionTimeout='30000 ms'}
2024-06-05 10:12:32.399  INFO 32812 --- [cluster-rtt-ClusterId{value='66602c009302a02fe21ca9c6', description='null'}-localhost:27017] org.mongodb.driver.connection            : Opened connection [connectionId{localValue:2, serverValue:328}] to localhost:27017
2024-06-05 10:12:32.399  INFO 32812 --- [cluster-ClusterId{value='66602c009302a02fe21ca9c6', description='null'}-localhost:27017] org.mongodb.driver.connection            : Opened connection [connectionId{localValue:1, serverValue:327}] to localhost:27017
2024-06-05 10:12:32.401  INFO 32812 --- [cluster-ClusterId{value='66602c009302a02fe21ca9c6', description='null'}-localhost:27017] org.mongodb.driver.cluster               : Monitor thread successfully connected to server with description ServerDescription{address=localhost:27017, type=STANDALONE, state=CONNECTED, ok=true, minWireVersion=0, maxWireVersion=21, maxDocumentSize=16777216, logicalSessionTimeoutMinutes=30, roundTripTimeNanos=17329600}
2024-06-05 10:12:32.575  INFO 32812 --- [main] m.c.i.MongoPersistentEntityIndexResolver : Found cycle for field '_id' in type 'Robot' for path 'robots -> workstation -> robots'
2024-06-05 10:12:32.575  INFO 32812 --- [main] m.c.i.MongoPersistentEntityIndexResolver : Found cycle for field '_id' in type 'Robot' for path 'robots -> workstation -> tags -> workstation -> robots'
2024-06-05 10:12:32.575  INFO 32812 --- [main] m.c.i.MongoPersistentEntityIndexResolver : Found cycle for field '_id' in type 'Tag' for path 'tags -> workstation -> tags'
2024-06-05 10:12:32.576  INFO 32812 --- [main] m.c.i.MongoPersistentEntityIndexResolver : Found cycle for field '_id' in type 'Robot' for path 'robots -> workstation -> robots'
2024-06-05 10:12:32.576  INFO 32812 --- [main] m.c.i.MongoPersistentEntityIndexResolver : Found cycle for field '_id' in type 'Tag' for path 'tags -> workstation -> robots -> workstation -> tags'
2024-06-05 10:12:32.576  INFO 32812 --- [main] m.c.i.MongoPersistentEntityIndexResolver : Found cycle for field '_id' in type 'Tag' for path 'tags -> workstation -> tags'
2024-06-05 10:12:32.577  INFO 32812 --- [main] m.c.i.MongoPersistentEntityIndexResolver : Found cycle for field 'workstation' in type 'Robot' for path 'robots -> workstation -> robots'
2024-06-05 10:12:32.577  INFO 32812 --- [main] m.c.i.MongoPersistentEntityIndexResolver : Found cycle for field 'robots' in type 'Workstation' for path 'robots -> workstation -> tags -> workstation -> robots'
2024-06-05 10:12:32.577  INFO 32812 --- [main] m.c.i.MongoPersistentEntityIndexResolver : Found cycle for field 'robots' in type 'Workstation' for path 'robots -> workstation -> robots'
2024-06-05 10:12:32.578  INFO 32812 --- [main] m.c.i.MongoPersistentEntityIndexResolver : Found cycle for field 'workstation' in type 'Tag' for path 'tags -> workstation -> tags'
2024-06-05 10:12:32.579  INFO 32812 --- [main] m.c.i.MongoPersistentEntityIndexResolver : Found cycle for field '_id' in type 'Workstation' for path 'workstation -> robots -> workstation'
2024-06-05 10:12:32.579  INFO 32812 --- [main] m.c.i.MongoPersistentEntityIndexResolver : Found cycle for field '_id' in type 'Workstation' for path 'workstation -> tags -> workstation -> robots -> workstation'
2024-06-05 10:12:32.579  INFO 32812 --- [main] m.c.i.MongoPersistentEntityIndexResolver : Found cycle for field '_id' in type 'Tag' for path 'tags -> workstation -> tags'
2024-06-05 10:12:32.580  INFO 32812 --- [main] m.c.i.MongoPersistentEntityIndexResolver : Found cycle for field 'robots' in type 'Workstation' for path 'workstation -> robots -> workstation'
2024-06-05 10:12:32.580  INFO 32812 --- [main] m.c.i.MongoPersistentEntityIndexResolver : Found cycle for field 'workstation' in type 'Robot' for path 'workstation -> tags -> workstation -> robots -> workstation'
2024-06-05 10:12:32.580  INFO 32812 --- [main] m.c.i.MongoPersistentEntityIndexResolver : Found cycle for field 'tags' in type 'Workstation' for path 'tags -> workstation -> tags'
2024-06-05 10:12:33.309  INFO 32812 --- [main] o.s.s.web.DefaultSecurityFilterChain     : Will secure any request with [org.springframework.security.web.context.request.async.WebAsyncManagerIntegrationFilter@315b5913, org.springframework.security.web.context.SecurityContextPersistenceFilter@5f0677f3, org.springframework.security.web.header.HeaderWriterFilter@4438b862, org.springframework.web.filter.CorsFilter@2e929182, org.springframework.security.web.authentication.logout.LogoutFilter@236861da, com.enova.web.api.Securitys.JwtAuthenticationFilter@78c74647, org.springframework.security.web.savedrequest.RequestCacheAwareFilter@4cd7d5e1, org.springframework.security.web.servletapi.SecurityContextHolderAwareRequestFilter@2ae3235e, org.springframework.security.web.authentication.AnonymousAuthenticationFilter@5423a17, org.springframework.security.web.session.SessionManagementFilter@7e77678c, org.springframework.security.web.access.ExceptionTranslationFilter@6658f08a, org.springframework.security.web.access.intercept.FilterSecurityInterceptor@12214f2f]
2024-06-05 10:12:33.456  INFO 32812 --- [main] o.s.b.w.embedded.tomcat.TomcatWebServer  : Tomcat started on port(s): 8089 (http) with context path '/management-robot-avg'
2024-06-05 10:12:33.465  INFO 32812 --- [main] com.enova.web.api.Application            : Started Application in 2.873 seconds (JVM running for 3.988)
2024-06-05 10:12:33.592  INFO 32812 --- [main] org.mongodb.driver.connection            : Opened connection [connectionId{localValue:3, serverValue:329}] to localhost:27017
2024-06-05 10:12:34.829  INFO 32812 --- [http-nio-0.0.0.0-8089-exec-2] o.a.c.c.C.[.[.[/management-robot-avg]    : Initializing Spring DispatcherServlet 'dispatcherServlet'
2024-06-05 10:12:34.831  INFO 32812 --- [http-nio-0.0.0.0-8089-exec-2] o.s.web.servlet.DispatcherServlet        : Initializing Servlet 'dispatcherServlet'
2024-06-05 10:12:34.831  INFO 32812 --- [http-nio-0.0.0.0-8089-exec-2] o.s.web.servlet.DispatcherServlet        : Completed initialization in 0 ms
2024-06-05 10:23:58.858  INFO 7496 --- [main] com.enova.web.api.Application            : Starting Application using Java 11.0.18 on PC-001 with PID 7496 (C:\Worker\esprit-5eme\stage-pfe-5eme\Enova_Robotics\code\SEBN-project\web.api\target\classes started by borhen in C:\Worker\esprit-5eme\stage-pfe-5eme\Enova_Robotics\code\SEBN-project\web.api)
2024-06-05 10:23:58.861  INFO 7496 --- [main] com.enova.web.api.Application            : No active profile set, falling back to 1 default profile: "default"
2024-06-05 10:23:59.485  INFO 7496 --- [main] .s.d.r.c.RepositoryConfigurationDelegate : Bootstrapping Spring Data MongoDB repositories in DEFAULT mode.
2024-06-05 10:23:59.562  INFO 7496 --- [main] .s.d.r.c.RepositoryConfigurationDelegate : Finished Spring Data repository scanning in 74 ms. Found 7 MongoDB repository interfaces.
2024-06-05 10:23:59.974  INFO 7496 --- [main] o.s.b.w.embedded.tomcat.TomcatWebServer  : Tomcat initialized with port(s): 8089 (http)
2024-06-05 10:23:59.980  INFO 7496 --- [main] o.apache.catalina.core.StandardService   : Starting service [Tomcat]
2024-06-05 10:23:59.980  INFO 7496 --- [main] org.apache.catalina.core.StandardEngine  : Starting Servlet engine: [Apache Tomcat/9.0.64]
2024-06-05 10:24:00.073  INFO 7496 --- [main] o.a.c.c.C.[.[.[/management-robot-avg]    : Initializing Spring embedded WebApplicationContext
2024-06-05 10:24:00.074  INFO 7496 --- [main] w.s.c.ServletWebServerApplicationContext : Root WebApplicationContext: initialization completed in 1171 ms
2024-06-05 10:24:00.185  INFO 7496 --- [main] org.mongodb.driver.cluster               : Cluster created with settings {hosts=[localhost:27017], mode=SINGLE, requiredClusterType=UNKNOWN, serverSelectionTimeout='30000 ms'}
2024-06-05 10:24:00.230  INFO 7496 --- [cluster-ClusterId{value='66602eb0219ad4063302306c', description='null'}-localhost:27017] org.mongodb.driver.connection            : Opened connection [connectionId{localValue:1, serverValue:330}] to localhost:27017
2024-06-05 10:24:00.230  INFO 7496 --- [cluster-rtt-ClusterId{value='66602eb0219ad4063302306c', description='null'}-localhost:27017] org.mongodb.driver.connection            : Opened connection [connectionId{localValue:2, serverValue:331}] to localhost:27017
2024-06-05 10:24:00.232  INFO 7496 --- [cluster-ClusterId{value='66602eb0219ad4063302306c', description='null'}-localhost:27017] org.mongodb.driver.cluster               : Monitor thread successfully connected to server with description ServerDescription{address=localhost:27017, type=STANDALONE, state=CONNECTED, ok=true, minWireVersion=0, maxWireVersion=21, maxDocumentSize=16777216, logicalSessionTimeoutMinutes=30, roundTripTimeNanos=18664200}
2024-06-05 10:24:00.422  INFO 7496 --- [main] m.c.i.MongoPersistentEntityIndexResolver : Found cycle for field '_id' in type 'Robot' for path 'robots -> workstation -> robots'
2024-06-05 10:24:00.422  INFO 7496 --- [main] m.c.i.MongoPersistentEntityIndexResolver : Found cycle for field '_id' in type 'Robot' for path 'robots -> workstation -> tags -> workstation -> robots'
2024-06-05 10:24:00.422  INFO 7496 --- [main] m.c.i.MongoPersistentEntityIndexResolver : Found cycle for field '_id' in type 'Tag' for path 'tags -> workstation -> tags'
2024-06-05 10:24:00.423  INFO 7496 --- [main] m.c.i.MongoPersistentEntityIndexResolver : Found cycle for field '_id' in type 'Robot' for path 'robots -> workstation -> robots'
2024-06-05 10:24:00.423  INFO 7496 --- [main] m.c.i.MongoPersistentEntityIndexResolver : Found cycle for field '_id' in type 'Tag' for path 'tags -> workstation -> robots -> workstation -> tags'
2024-06-05 10:24:00.423  INFO 7496 --- [main] m.c.i.MongoPersistentEntityIndexResolver : Found cycle for field '_id' in type 'Tag' for path 'tags -> workstation -> tags'
2024-06-05 10:24:00.424  INFO 7496 --- [main] m.c.i.MongoPersistentEntityIndexResolver : Found cycle for field 'workstation' in type 'Robot' for path 'robots -> workstation -> robots'
2024-06-05 10:24:00.424  INFO 7496 --- [main] m.c.i.MongoPersistentEntityIndexResolver : Found cycle for field 'robots' in type 'Workstation' for path 'robots -> workstation -> tags -> workstation -> robots'
2024-06-05 10:24:00.425  INFO 7496 --- [main] m.c.i.MongoPersistentEntityIndexResolver : Found cycle for field 'robots' in type 'Workstation' for path 'robots -> workstation -> robots'
2024-06-05 10:24:00.425  INFO 7496 --- [main] m.c.i.MongoPersistentEntityIndexResolver : Found cycle for field 'workstation' in type 'Tag' for path 'tags -> workstation -> tags'
2024-06-05 10:24:00.425  INFO 7496 --- [main] m.c.i.MongoPersistentEntityIndexResolver : Found cycle for field '_id' in type 'Workstation' for path 'workstation -> robots -> workstation'
2024-06-05 10:24:00.425  INFO 7496 --- [main] m.c.i.MongoPersistentEntityIndexResolver : Found cycle for field '_id' in type 'Workstation' for path 'workstation -> tags -> workstation -> robots -> workstation'
2024-06-05 10:24:00.426  INFO 7496 --- [main] m.c.i.MongoPersistentEntityIndexResolver : Found cycle for field '_id' in type 'Tag' for path 'tags -> workstation -> tags'
2024-06-05 10:24:00.426  INFO 7496 --- [main] m.c.i.MongoPersistentEntityIndexResolver : Found cycle for field 'robots' in type 'Workstation' for path 'workstation -> robots -> workstation'
2024-06-05 10:24:00.426  INFO 7496 --- [main] m.c.i.MongoPersistentEntityIndexResolver : Found cycle for field 'workstation' in type 'Robot' for path 'workstation -> tags -> workstation -> robots -> workstation'
2024-06-05 10:24:00.426  INFO 7496 --- [main] m.c.i.MongoPersistentEntityIndexResolver : Found cycle for field 'tags' in type 'Workstation' for path 'tags -> workstation -> tags'
2024-06-05 10:24:01.114  INFO 7496 --- [main] o.s.s.web.DefaultSecurityFilterChain     : Will secure any request with [org.springframework.security.web.context.request.async.WebAsyncManagerIntegrationFilter@3f0c6b3c, org.springframework.security.web.context.SecurityContextPersistenceFilter@6598caab, org.springframework.security.web.header.HeaderWriterFilter@63f2e0b, org.springframework.web.filter.CorsFilter@416a4275, org.springframework.security.web.authentication.logout.LogoutFilter@5103eea2, com.enova.web.api.Securitys.JwtAuthenticationFilter@124eb83d, org.springframework.security.web.savedrequest.RequestCacheAwareFilter@52ca0ad4, org.springframework.security.web.servletapi.SecurityContextHolderAwareRequestFilter@4536a715, org.springframework.security.web.authentication.AnonymousAuthenticationFilter@7bf65e0f, org.springframework.security.web.session.SessionManagementFilter@46ea78f0, org.springframework.security.web.access.ExceptionTranslationFilter@10dfa7ef, org.springframework.security.web.access.intercept.FilterSecurityInterceptor@4756e5cc]
2024-06-05 10:24:01.262  INFO 7496 --- [main] o.s.b.w.embedded.tomcat.TomcatWebServer  : Tomcat started on port(s): 8089 (http) with context path '/management-robot-avg'
2024-06-05 10:24:01.271  INFO 7496 --- [main] com.enova.web.api.Application            : Started Application in 2.72 seconds (JVM running for 3.73)
2024-06-05 10:24:01.367  INFO 7496 --- [main] org.mongodb.driver.connection            : Opened connection [connectionId{localValue:3, serverValue:332}] to localhost:27017
2024-06-05 10:24:14.928  INFO 7496 --- [http-nio-0.0.0.0-8089-exec-1] o.a.c.c.C.[.[.[/management-robot-avg]    : Initializing Spring DispatcherServlet 'dispatcherServlet'
2024-06-05 10:24:14.928  INFO 7496 --- [http-nio-0.0.0.0-8089-exec-1] o.s.web.servlet.DispatcherServlet        : Initializing Servlet 'dispatcherServlet'
2024-06-05 10:24:14.929  INFO 7496 --- [http-nio-0.0.0.0-8089-exec-1] o.s.web.servlet.DispatcherServlet        : Completed initialization in 1 ms
2024-06-05 10:26:09.352  INFO 27392 --- [main] com.enova.web.api.Application            : Starting Application using Java 11.0.18 on PC-001 with PID 27392 (C:\Worker\esprit-5eme\stage-pfe-5eme\Enova_Robotics\code\SEBN-project\web.api\target\classes started by borhen in C:\Worker\esprit-5eme\stage-pfe-5eme\Enova_Robotics\code\SEBN-project\web.api)
2024-06-05 10:26:09.354  INFO 27392 --- [main] com.enova.web.api.Application            : No active profile set, falling back to 1 default profile: "default"
2024-06-05 10:26:09.953  INFO 27392 --- [main] .s.d.r.c.RepositoryConfigurationDelegate : Bootstrapping Spring Data MongoDB repositories in DEFAULT mode.
2024-06-05 10:26:10.024  INFO 27392 --- [main] .s.d.r.c.RepositoryConfigurationDelegate : Finished Spring Data repository scanning in 68 ms. Found 7 MongoDB repository interfaces.
2024-06-05 10:26:10.414  INFO 27392 --- [main] o.s.b.w.embedded.tomcat.TomcatWebServer  : Tomcat initialized with port(s): 8089 (http)
2024-06-05 10:26:10.421  INFO 27392 --- [main] o.apache.catalina.core.StandardService   : Starting service [Tomcat]
2024-06-05 10:26:10.421  INFO 27392 --- [main] org.apache.catalina.core.StandardEngine  : Starting Servlet engine: [Apache Tomcat/9.0.64]
2024-06-05 10:26:10.502  INFO 27392 --- [main] o.a.c.c.C.[.[.[/management-robot-avg]    : Initializing Spring embedded WebApplicationContext
2024-06-05 10:26:10.503  INFO 27392 --- [main] w.s.c.ServletWebServerApplicationContext : Root WebApplicationContext: initialization completed in 1109 ms
2024-06-05 10:26:10.603  INFO 27392 --- [main] org.mongodb.driver.cluster               : Cluster created with settings {hosts=[localhost:27017], mode=SINGLE, requiredClusterType=UNKNOWN, serverSelectionTimeout='30000 ms'}
2024-06-05 10:26:10.647  INFO 27392 --- [cluster-ClusterId{value='66602f3233426f7930020a91', description='null'}-localhost:27017] org.mongodb.driver.connection            : Opened connection [connectionId{localValue:1, serverValue:333}] to localhost:27017
2024-06-05 10:26:10.647  INFO 27392 --- [cluster-rtt-ClusterId{value='66602f3233426f7930020a91', description='null'}-localhost:27017] org.mongodb.driver.connection            : Opened connection [connectionId{localValue:2, serverValue:334}] to localhost:27017
2024-06-05 10:26:10.649  INFO 27392 --- [cluster-ClusterId{value='66602f3233426f7930020a91', description='null'}-localhost:27017] org.mongodb.driver.cluster               : Monitor thread successfully connected to server with description ServerDescription{address=localhost:27017, type=STANDALONE, state=CONNECTED, ok=true, minWireVersion=0, maxWireVersion=21, maxDocumentSize=16777216, logicalSessionTimeoutMinutes=30, roundTripTimeNanos=18416000}
2024-06-05 10:26:10.812  INFO 27392 --- [main] m.c.i.MongoPersistentEntityIndexResolver : Found cycle for field '_id' in type 'Workstation' for path 'workstation -> robots -> workstation'
2024-06-05 10:26:10.812  INFO 27392 --- [main] m.c.i.MongoPersistentEntityIndexResolver : Found cycle for field '_id' in type 'Workstation' for path 'workstation -> tags -> workstation -> robots -> workstation'
2024-06-05 10:26:10.812  INFO 27392 --- [main] m.c.i.MongoPersistentEntityIndexResolver : Found cycle for field '_id' in type 'Tag' for path 'tags -> workstation -> tags'
2024-06-05 10:26:10.815  INFO 27392 --- [main] m.c.i.MongoPersistentEntityIndexResolver : Found cycle for field 'robots' in type 'Workstation' for path 'workstation -> robots -> workstation'
2024-06-05 10:26:10.815  INFO 27392 --- [main] m.c.i.MongoPersistentEntityIndexResolver : Found cycle for field 'workstation' in type 'Robot' for path 'workstation -> tags -> workstation -> robots -> workstation'
2024-06-05 10:26:10.816  INFO 27392 --- [main] m.c.i.MongoPersistentEntityIndexResolver : Found cycle for field 'tags' in type 'Workstation' for path 'tags -> workstation -> tags'
2024-06-05 10:26:10.816  INFO 27392 --- [main] m.c.i.MongoPersistentEntityIndexResolver : Found cycle for field '_id' in type 'Robot' for path 'robots -> workstation -> robots'
2024-06-05 10:26:10.816  INFO 27392 --- [main] m.c.i.MongoPersistentEntityIndexResolver : Found cycle for field '_id' in type 'Robot' for path 'robots -> workstation -> tags -> workstation -> robots'
2024-06-05 10:26:10.816  INFO 27392 --- [main] m.c.i.MongoPersistentEntityIndexResolver : Found cycle for field '_id' in type 'Tag' for path 'tags -> workstation -> tags'
2024-06-05 10:26:10.816  INFO 27392 --- [main] m.c.i.MongoPersistentEntityIndexResolver : Found cycle for field '_id' in type 'Robot' for path 'robots -> workstation -> robots'
2024-06-05 10:26:10.816  INFO 27392 --- [main] m.c.i.MongoPersistentEntityIndexResolver : Found cycle for field '_id' in type 'Tag' for path 'tags -> workstation -> robots -> workstation -> tags'
2024-06-05 10:26:10.817  INFO 27392 --- [main] m.c.i.MongoPersistentEntityIndexResolver : Found cycle for field '_id' in type 'Tag' for path 'tags -> workstation -> tags'
2024-06-05 10:26:10.817  INFO 27392 --- [main] m.c.i.MongoPersistentEntityIndexResolver : Found cycle for field 'workstation' in type 'Robot' for path 'robots -> workstation -> robots'
2024-06-05 10:26:10.817  INFO 27392 --- [main] m.c.i.MongoPersistentEntityIndexResolver : Found cycle for field 'robots' in type 'Workstation' for path 'robots -> workstation -> tags -> workstation -> robots'
2024-06-05 10:26:10.817  INFO 27392 --- [main] m.c.i.MongoPersistentEntityIndexResolver : Found cycle for field 'robots' in type 'Workstation' for path 'robots -> workstation -> robots'
2024-06-05 10:26:10.817  INFO 27392 --- [main] m.c.i.MongoPersistentEntityIndexResolver : Found cycle for field 'workstation' in type 'Tag' for path 'tags -> workstation -> tags'
2024-06-05 10:26:11.501  INFO 27392 --- [main] o.s.s.web.DefaultSecurityFilterChain     : Will secure any request with [org.springframework.security.web.context.request.async.WebAsyncManagerIntegrationFilter@2e8b24a1, org.springframework.security.web.context.SecurityContextPersistenceFilter@2262f0d8, org.springframework.security.web.header.HeaderWriterFilter@3a861417, org.springframework.web.filter.CorsFilter@3ce7394f, org.springframework.security.web.authentication.logout.LogoutFilter@2475fba3, com.enova.web.api.Securitys.JwtAuthenticationFilter@10817f46, org.springframework.security.web.savedrequest.RequestCacheAwareFilter@59e082f8, org.springframework.security.web.servletapi.SecurityContextHolderAwareRequestFilter@7185e611, org.springframework.security.web.authentication.AnonymousAuthenticationFilter@6723cce7, org.springframework.security.web.session.SessionManagementFilter@2bdb5e0f, org.springframework.security.web.access.ExceptionTranslationFilter@734fbae3, org.springframework.security.web.access.intercept.FilterSecurityInterceptor@58182b96]
2024-06-05 10:26:11.655  INFO 27392 --- [main] o.s.b.w.embedded.tomcat.TomcatWebServer  : Tomcat started on port(s): 8089 (http) with context path '/management-robot-avg'
2024-06-05 10:26:11.664  INFO 27392 --- [main] com.enova.web.api.Application            : Started Application in 2.628 seconds (JVM running for 3.668)
2024-06-05 10:26:11.759  INFO 27392 --- [main] org.mongodb.driver.connection            : Opened connection [connectionId{localValue:3, serverValue:335}] to localhost:27017
2024-06-05 10:26:13.381  INFO 27392 --- [http-nio-0.0.0.0-8089-exec-1] o.a.c.c.C.[.[.[/management-robot-avg]    : Initializing Spring DispatcherServlet 'dispatcherServlet'
2024-06-05 10:26:13.381  INFO 27392 --- [http-nio-0.0.0.0-8089-exec-1] o.s.web.servlet.DispatcherServlet        : Initializing Servlet 'dispatcherServlet'
2024-06-05 10:26:13.382  INFO 27392 --- [http-nio-0.0.0.0-8089-exec-1] o.s.web.servlet.DispatcherServlet        : Completed initialization in 1 ms
2024-06-05 10:27:11.712  INFO 27392 --- [http-nio-0.0.0.0-8089-exec-7] org.mongodb.driver.connection            : Opened connection [connectionId{localValue:4, serverValue:336}] to localhost:27017
2024-06-05 13:57:58.846  INFO 27392 --- [cluster-ClusterId{value='66602f3233426f7930020a91', description='null'}-localhost:27017] org.mongodb.driver.cluster               : Exception in monitor thread while connecting to server localhost:27017

com.mongodb.MongoNodeIsRecoveringException: Command failed with error 11600 (InterruptedAtShutdown): 'interrupted at shutdown' on server localhost:27017. The full response is {"ok": 0.0, "errmsg": "interrupted at shutdown", "code": 11600, "codeName": "InterruptedAtShutdown"}
	at com.mongodb.internal.connection.ProtocolHelper.createSpecialException(ProtocolHelper.java:266) ~[mongodb-driver-core-4.4.2.jar:na]
	at com.mongodb.internal.connection.ProtocolHelper.getCommandFailureException(ProtocolHelper.java:194) ~[mongodb-driver-core-4.4.2.jar:na]
	at com.mongodb.internal.connection.InternalStreamConnection.receiveCommandMessageResponse(InternalStreamConnection.java:418) ~[mongodb-driver-core-4.4.2.jar:na]
	at com.mongodb.internal.connection.InternalStreamConnection.receive(InternalStreamConnection.java:374) ~[mongodb-driver-core-4.4.2.jar:na]
	at com.mongodb.internal.connection.DefaultServerMonitor$ServerMonitorRunnable.lookupServerDescription(DefaultServerMonitor.java:216) ~[mongodb-driver-core-4.4.2.jar:na]
	at com.mongodb.internal.connection.DefaultServerMonitor$ServerMonitorRunnable.run(DefaultServerMonitor.java:152) ~[mongodb-driver-core-4.4.2.jar:na]
	at java.base/java.lang.Thread.run(Thread.java:834) ~[na:na]

2024-06-05 13:58:08.864  INFO 27392 --- [cluster-ClusterId{value='66602f3233426f7930020a91', description='null'}-localhost:27017] org.mongodb.driver.cluster               : Exception in monitor thread while connecting to server localhost:27017

com.mongodb.MongoSocketOpenException: Exception opening socket
	at com.mongodb.internal.connection.SocketStream.open(SocketStream.java:70) ~[mongodb-driver-core-4.4.2.jar:na]
	at com.mongodb.internal.connection.InternalStreamConnection.open(InternalStreamConnection.java:180) ~[mongodb-driver-core-4.4.2.jar:na]
	at com.mongodb.internal.connection.DefaultServerMonitor$ServerMonitorRunnable.lookupServerDescription(DefaultServerMonitor.java:188) ~[mongodb-driver-core-4.4.2.jar:na]
	at com.mongodb.internal.connection.DefaultServerMonitor$ServerMonitorRunnable.run(DefaultServerMonitor.java:152) ~[mongodb-driver-core-4.4.2.jar:na]
	at java.base/java.lang.Thread.run(Thread.java:834) ~[na:na]
Caused by: java.net.ConnectException: Connection refused: connect
	at java.base/java.net.PlainSocketImpl.waitForConnect(Native Method) ~[na:na]
	at java.base/java.net.PlainSocketImpl.socketConnect(PlainSocketImpl.java:107) ~[na:na]
	at java.base/java.net.AbstractPlainSocketImpl.doConnect(AbstractPlainSocketImpl.java:412) ~[na:na]
	at java.base/java.net.AbstractPlainSocketImpl.connectToAddress(AbstractPlainSocketImpl.java:255) ~[na:na]
	at java.base/java.net.AbstractPlainSocketImpl.connect(AbstractPlainSocketImpl.java:237) ~[na:na]
	at java.base/java.net.SocksSocketImpl.connect(SocksSocketImpl.java:392) ~[na:na]
	at java.base/java.net.Socket.connect(Socket.java:608) ~[na:na]
	at com.mongodb.internal.connection.SocketStreamHelper.initialize(SocketStreamHelper.java:107) ~[mongodb-driver-core-4.4.2.jar:na]
	at com.mongodb.internal.connection.SocketStream.initializeSocket(SocketStream.java:79) ~[mongodb-driver-core-4.4.2.jar:na]
	at com.mongodb.internal.connection.SocketStream.open(SocketStream.java:65) ~[mongodb-driver-core-4.4.2.jar:na]
	... 4 common frames omitted

2024-06-05 13:58:13.659  INFO 27392 --- [cluster-rtt-ClusterId{value='66602f3233426f7930020a91', description='null'}-localhost:27017] org.mongodb.driver.connection            : Opened connection [connectionId{localValue:6, serverValue:1}] to localhost:27017
2024-06-05 13:58:18.879  INFO 27392 --- [cluster-ClusterId{value='66602f3233426f7930020a91', description='null'}-localhost:27017] org.mongodb.driver.connection            : Opened connection [connectionId{localValue:7, serverValue:4}] to localhost:27017
2024-06-05 13:58:18.879  INFO 27392 --- [cluster-ClusterId{value='66602f3233426f7930020a91', description='null'}-localhost:27017] org.mongodb.driver.cluster               : Monitor thread successfully connected to server with description ServerDescription{address=localhost:27017, type=STANDALONE, state=CONNECTED, ok=true, minWireVersion=0, maxWireVersion=21, maxDocumentSize=16777216, logicalSessionTimeoutMinutes=30, roundTripTimeNanos=2697200}
